2026-04-26 02:17:45,802 INFO o.a.j.u.JMeterUtils: Setting Locale to en_EN
2026-04-26 02:17:45,819 INFO o.a.j.JMeter: Loading user properties from: D:\intelije\apache-jmeter-5.6.3\bin\user.properties
2026-04-26 02:17:45,820 INFO o.a.j.JMeter: Loading system properties from: D:\intelije\apache-jmeter-5.6.3\bin\system.properties
2026-04-26 02:17:45,826 INFO o.a.j.JMeter: Copyright (c) 1998-2024 The Apache Software Foundation
2026-04-26 02:17:45,826 INFO o.a.j.JMeter: Version 5.6.3
2026-04-26 02:17:45,826 INFO o.a.j.JMeter: java.version=21.0.10
2026-04-26 02:17:45,826 INFO o.a.j.JMeter: java.vm.name=OpenJDK 64-Bit Server VM
2026-04-26 02:17:45,826 INFO o.a.j.JMeter: os.name=Windows 11
2026-04-26 02:17:45,834 INFO o.a.j.JMeter: os.arch=amd64
2026-04-26 02:17:45,834 INFO o.a.j.JMeter: os.version=10.0
2026-04-26 02:17:45,834 INFO o.a.j.JMeter: file.encoding=UTF-8
2026-04-26 02:17:45,834 INFO o.a.j.JMeter: java.awt.headless=true
2026-04-26 02:17:45,834 INFO o.a.j.JMeter: Max memory     =1073741824
2026-04-26 02:17:45,834 INFO o.a.j.JMeter: Available Processors =20
2026-04-26 02:17:45,841 INFO o.a.j.JMeter: Default Locale=English (EN)
2026-04-26 02:17:45,841 INFO o.a.j.JMeter: JMeter  Locale=English (EN)
2026-04-26 02:17:45,841 INFO o.a.j.JMeter: JMeterHome=D:\intelije\apache-jmeter-5.6.3
2026-04-26 02:17:45,841 INFO o.a.j.JMeter: user.dir  =D:\intelije\code\modul7
2026-04-26 02:17:45,841 INFO o.a.j.JMeter: PWD       =D:\intelije\code\modul7
2026-04-26 02:17:45,845 INFO o.a.j.JMeter: IP: 192.168.1.12 Name: LAPTOP-P8LLN65V FullName: LAPTOP-P8LLN65V
2026-04-26 02:17:45,851 INFO o.a.j.JMeter: Setting property 'jmeter.reportgenerator.outputdir' to:'D:\intelije\code\modul7\Jmeter\Assets\Unoptimized results\reports\all-student-name-report'
2026-04-26 02:17:45,852 INFO o.a.j.s.FileServer: Default base='D:\intelije\code\modul7'
2026-04-26 02:17:45,853 INFO o.a.j.s.FileServer: Set new base='D:\intelije\code\modul7\Jmeter\Jmeter_Plan'
2026-04-26 02:17:46,005 INFO o.a.j.s.SaveService: Testplan (JMX) version: 2.2. Testlog (JTL) version: 2.2
2026-04-26 02:17:46,022 INFO o.a.j.s.SaveService: Using SaveService properties version 5.0
2026-04-26 02:17:46,024 INFO o.a.j.s.SaveService: Using SaveService properties file encoding UTF-8
2026-04-26 02:17:46,027 INFO o.a.j.s.SaveService: Loading file: D:\intelije\code\modul7\Jmeter\Jmeter_Plan\all-student-name request.jmx
2026-04-26 02:17:46,063 INFO o.a.j.p.h.s.HTTPSamplerBase: Parser for text/html is org.apache.jmeter.protocol.http.parser.LagartoBasedHtmlParser
2026-04-26 02:17:46,063 INFO o.a.j.p.h.s.HTTPSamplerBase: Parser for application/xhtml+xml is org.apache.jmeter.protocol.http.parser.LagartoBasedHtmlParser
2026-04-26 02:17:46,063 INFO o.a.j.p.h.s.HTTPSamplerBase: Parser for application/xml is org.apache.jmeter.protocol.http.parser.LagartoBasedHtmlParser
2026-04-26 02:17:46,063 INFO o.a.j.p.h.s.HTTPSamplerBase: Parser for text/xml is org.apache.jmeter.protocol.http.parser.LagartoBasedHtmlParser
2026-04-26 02:17:46,064 INFO o.a.j.p.h.s.HTTPSamplerBase: Parser for text/vnd.wap.wml is org.apache.jmeter.protocol.http.parser.RegexpHTMLParser
2026-04-26 02:17:46,064 INFO o.a.j.p.h.s.HTTPSamplerBase: Parser for text/css is org.apache.jmeter.protocol.http.parser.CssParser
2026-04-26 02:17:46,084 INFO o.a.j.JMeter: Creating summariser <summary>
2026-04-26 02:17:46,086 INFO o.a.j.r.d.ReportGenerator: ReportGenerator will use for Parsing the separator: ','
2026-04-26 02:17:46,086 INFO o.a.j.r.d.ReportGenerator: Will generate report at end of test from  results file: D:\intelije\code\modul7\Jmeter\Assets\Unoptimized results\raw\all-student-name.jtl
2026-04-26 02:17:46,086 INFO o.a.j.r.d.ReportGenerator: Reading report generator properties from: D:\intelije\apache-jmeter-5.6.3\bin\reportgenerator.properties
2026-04-26 02:17:46,086 INFO o.a.j.r.d.ReportGenerator: Merging with JMeter properties
2026-04-26 02:17:46,090 INFO o.a.j.r.c.ReportGeneratorConfiguration: Property 'jmeter.reportgenerator.temp_dir' not found, using default value 'temp' instead.
2026-04-26 02:17:46,092 INFO o.a.j.r.c.ReportGeneratorConfiguration: Property 'jmeter.reportgenerator.apdex_per_transaction' not found, using default value 'null' instead.
2026-04-26 02:17:46,092 INFO o.a.j.r.c.ReportGeneratorConfiguration: apdex_per_transaction is empty, not APDEX per transaction customization
2026-04-26 02:17:46,092 INFO o.a.j.r.c.ReportGeneratorConfiguration: Property 'jmeter.reportgenerator.sample_filter' not found, using default value 'null' instead.
2026-04-26 02:17:46,092 INFO o.a.j.r.c.ReportGeneratorConfiguration: Property 'jmeter.reportgenerator.report_title' not found, using default value 'null' instead.
2026-04-26 02:17:46,092 INFO o.a.j.r.c.ReportGeneratorConfiguration: Property 'jmeter.reportgenerator.start_date' not found, using default value 'null' instead.
2026-04-26 02:17:46,092 INFO o.a.j.r.c.ReportGeneratorConfiguration: Property 'jmeter.reportgenerator.end_date' not found, using default value 'null' instead.
2026-04-26 02:17:46,092 INFO o.a.j.r.c.ReportGeneratorConfiguration: Property 'jmeter.reportgenerator.date_format' not found, using default value 'null' instead.
2026-04-26 02:17:46,092 INFO o.a.j.r.c.ReportGeneratorConfiguration: Will use date range start date: null, end date: null
2026-04-26 02:17:46,094 INFO o.a.j.r.c.ReportGeneratorConfiguration: Property 'jmeter.reportgenerator.graph.totalTPS.exclude_controllers' not found, using default value 'false' instead.
2026-04-26 02:17:46,094 INFO o.a.j.r.c.ReportGeneratorConfiguration: Property 'jmeter.reportgenerator.graph.activeThreadsOverTime.exclude_controllers' not found, using default value 'false' instead.
2026-04-26 02:17:46,094 INFO o.a.j.r.c.ReportGeneratorConfiguration: Property 'jmeter.reportgenerator.graph.timeVsThreads.exclude_controllers' not found, using default value 'false' instead.
2026-04-26 02:17:46,094 INFO o.a.j.r.c.ReportGeneratorConfiguration: Property 'jmeter.reportgenerator.graph.responseTimeDistribution.exclude_controllers' not found, using default value 'false' instead.
2026-04-26 02:17:46,094 INFO o.a.j.r.c.ReportGeneratorConfiguration: Property 'jmeter.reportgenerator.graph.transactionsPerSecond.exclude_controllers' not found, using default value 'false' instead.
2026-04-26 02:17:46,094 INFO o.a.j.r.c.ReportGeneratorConfiguration: Property 'jmeter.reportgenerator.graph.responseTimePercentiles.exclude_controllers' not found, using default value 'false' instead.
2026-04-26 02:17:46,095 INFO o.a.j.r.c.ReportGeneratorConfiguration: Property 'jmeter.reportgenerator.graph.responseTimePercentilesOverTime.exclude_controllers' not found, using default value 'false' instead.
2026-04-26 02:17:46,095 INFO o.a.j.r.c.ReportGeneratorConfiguration: Property 'jmeter.reportgenerator.graph.responseTimesOverTime.exclude_controllers' not found, using default value 'false' instead.
2026-04-26 02:17:46,095 INFO o.a.j.r.c.ReportGeneratorConfiguration: Property 'jmeter.reportgenerator.graph.connectTimeOverTime.exclude_controllers' not found, using default value 'false' instead.
2026-04-26 02:17:46,095 INFO o.a.j.r.c.ReportGeneratorConfiguration: Property 'jmeter.reportgenerator.graph.latenciesOverTime.exclude_controllers' not found, using default value 'false' instead.
2026-04-26 02:17:46,096 INFO o.a.j.r.c.ReportGeneratorConfiguration: Property 'jmeter.reportgenerator.exporter.json.filters_only_sample_series' not found, using default value 'true' instead.
2026-04-26 02:17:46,096 INFO o.a.j.r.c.ReportGeneratorConfiguration: Property 'jmeter.reportgenerator.exporter.json.series_filter' not found, using default value '' instead.
2026-04-26 02:17:46,096 INFO o.a.j.r.c.ReportGeneratorConfiguration: Property 'jmeter.reportgenerator.exporter.json.show_controllers_only' not found, using default value 'false' instead.
2026-04-26 02:17:46,096 INFO o.a.j.r.c.ReportGeneratorConfiguration: Property 'jmeter.reportgenerator.exporter.html.filters_only_sample_series' not found, using default value 'true' instead.
2026-04-26 02:17:46,096 INFO o.a.j.r.c.ReportGeneratorConfiguration: Property 'jmeter.reportgenerator.exporter.html.series_filter' not found, using default value '' instead.
2026-04-26 02:17:46,096 INFO o.a.j.r.c.ReportGeneratorConfiguration: Property 'jmeter.reportgenerator.exporter.html.show_controllers_only' not found, using default value 'false' instead.
2026-04-26 02:17:46,106 INFO o.a.j.e.StandardJMeterEngine: Running the test!
2026-04-26 02:17:46,107 INFO o.a.j.s.SampleEvent: List of sample_variables: []
2026-04-26 02:17:46,107 INFO o.a.j.s.SampleEvent: List of sample_variables: []
2026-04-26 02:17:46,109 INFO o.a.j.e.u.CompoundVariable: Note: Function class names must contain the string: '.functions.'
2026-04-26 02:17:46,109 INFO o.a.j.e.u.CompoundVariable: Note: Function class names must not contain the string: '.gui.'
2026-04-26 02:17:46,158 INFO o.a.j.JMeter: Running test (1777144666158)
2026-04-26 02:17:46,177 INFO o.a.j.e.StandardJMeterEngine: Starting ThreadGroup: 1 : Thread Group
2026-04-26 02:17:46,177 INFO o.a.j.e.StandardJMeterEngine: Starting 10 threads for group Thread Group.
2026-04-26 02:17:46,177 INFO o.a.j.e.StandardJMeterEngine: Thread will continue on error
2026-04-26 02:17:46,177 INFO o.a.j.t.ThreadGroup: Starting thread group... number=1 threads=10 ramp-up=1 delayedStart=false
2026-04-26 02:17:46,185 INFO o.a.j.t.ThreadGroup: Started thread group number 1
2026-04-26 02:17:46,186 INFO o.a.j.e.StandardJMeterEngine: All thread groups have been started
2026-04-26 02:17:46,188 INFO o.a.j.t.JMeterThread: Thread started: Thread Group 1-1
2026-04-26 02:17:46,198 INFO o.a.j.p.h.s.HTTPHCAbstractImpl: Local host = LAPTOP-P8LLN65V
2026-04-26 02:17:46,202 INFO o.a.j.p.h.s.HTTPHC4Impl: HTTP request retry count = 0
2026-04-26 02:17:46,203 INFO o.a.j.s.SampleResult: Note: Sample TimeStamps are START times
2026-04-26 02:17:46,203 INFO o.a.j.s.SampleResult: sampleresult.default.encoding is set to UTF-8
2026-04-26 02:17:46,203 INFO o.a.j.s.SampleResult: sampleresult.useNanoTime=true
2026-04-26 02:17:46,203 INFO o.a.j.s.SampleResult: sampleresult.nanoThreadSleep=5000
2026-04-26 02:17:46,286 INFO o.a.j.t.JMeterThread: Thread started: Thread Group 1-2
2026-04-26 02:17:46,385 INFO o.a.j.t.JMeterThread: Thread started: Thread Group 1-3
2026-04-26 02:17:46,484 INFO o.a.j.t.JMeterThread: Thread started: Thread Group 1-4
2026-04-26 02:17:46,585 INFO o.a.j.t.JMeterThread: Thread started: Thread Group 1-5
2026-04-26 02:17:46,683 INFO o.a.j.t.JMeterThread: Thread started: Thread Group 1-6
2026-04-26 02:17:46,783 INFO o.a.j.t.JMeterThread: Thread started: Thread Group 1-7
2026-04-26 02:17:46,881 INFO o.a.j.t.JMeterThread: Thread started: Thread Group 1-8
2026-04-26 02:17:46,982 INFO o.a.j.t.JMeterThread: Thread started: Thread Group 1-9
2026-04-26 02:17:47,082 INFO o.a.j.t.JMeterThread: Thread started: Thread Group 1-10
2026-04-26 02:17:50,955 INFO o.a.j.t.JMeterThread: Thread is done: Thread Group 1-1
2026-04-26 02:17:50,956 INFO o.a.j.t.JMeterThread: Thread finished: Thread Group 1-1
2026-04-26 02:17:50,971 INFO o.a.j.t.JMeterThread: Thread is done: Thread Group 1-2
2026-04-26 02:17:50,971 INFO o.a.j.t.JMeterThread: Thread finished: Thread Group 1-2
2026-04-26 02:17:51,087 INFO o.a.j.t.JMeterThread: Thread is done: Thread Group 1-3
2026-04-26 02:17:51,087 INFO o.a.j.t.JMeterThread: Thread finished: Thread Group 1-3
2026-04-26 02:17:51,299 INFO o.a.j.t.JMeterThread: Thread is done: Thread Group 1-4
2026-04-26 02:17:51,299 INFO o.a.j.t.JMeterThread: Thread finished: Thread Group 1-4
2026-04-26 02:17:51,327 INFO o.a.j.t.JMeterThread: Thread is done: Thread Group 1-5
2026-04-26 02:17:51,328 INFO o.a.j.t.JMeterThread: Thread finished: Thread Group 1-5
2026-04-26 02:17:51,518 INFO o.a.j.t.JMeterThread: Thread is done: Thread Group 1-6
2026-04-26 02:17:51,518 INFO o.a.j.t.JMeterThread: Thread finished: Thread Group 1-6
2026-04-26 02:17:51,542 INFO o.a.j.t.JMeterThread: Thread is done: Thread Group 1-8
2026-04-26 02:17:51,542 INFO o.a.j.t.JMeterThread: Thread is done: Thread Group 1-9
2026-04-26 02:17:51,542 INFO o.a.j.t.JMeterThread: Thread finished: Thread Group 1-8
2026-04-26 02:17:51,543 INFO o.a.j.t.JMeterThread: Thread finished: Thread Group 1-9
2026-04-26 02:17:51,559 INFO o.a.j.t.JMeterThread: Thread is done: Thread Group 1-7
2026-04-26 02:17:51,560 INFO o.a.j.t.JMeterThread: Thread finished: Thread Group 1-7
2026-04-26 02:17:51,580 INFO o.a.j.t.JMeterThread: Thread is done: Thread Group 1-10
2026-04-26 02:17:51,580 INFO o.a.j.t.JMeterThread: Thread finished: Thread Group 1-10
2026-04-26 02:17:51,581 INFO o.a.j.e.StandardJMeterEngine: Notifying test listeners of end of test
2026-04-26 02:17:51,587 INFO o.a.j.r.Summariser: summary =     10 in 00:00:05 =    1.8/s Avg:  4694 Min:  4496 Max:  4833 Err:     0 (0.00%)
2026-04-26 02:17:51,588 INFO o.a.j.JMeter: Generating Dashboard
2026-04-26 02:17:51,589 INFO o.a.j.r.d.ReportGenerator: Flushing result collector before report Generation
2026-04-26 02:17:51,620 INFO o.a.j.r.p.NormalizerSampleConsumer: Using format, 'ms', to parse timeStamp field
2026-04-26 02:17:51,835 INFO o.a.j.r.p.AbstractSampleConsumer: class org.apache.jmeter.report.processor.AggregateConsumer#stopProducing(): beginDate produced 0 samples
2026-04-26 02:17:51,836 INFO o.a.j.r.p.AbstractSampleConsumer: class org.apache.jmeter.report.processor.AggregateConsumer#stopProducing(): endDate produced 0 samples
2026-04-26 02:17:51,841 INFO o.a.j.r.p.AbstractSampleConsumer: class org.apache.jmeter.report.processor.ApdexSummaryConsumer#stopProducing(): apdexSummary produced 0 samples
2026-04-26 02:17:51,842 INFO o.a.j.r.p.AbstractSampleConsumer: class org.apache.jmeter.report.processor.RequestsSummaryConsumer#stopProducing(): requestsSummary produced 0 samples
2026-04-26 02:17:51,858 INFO o.a.j.r.p.AbstractSampleConsumer: class org.apache.jmeter.report.processor.StatisticsSummaryConsumer#stopProducing(): statisticsSummary produced 0 samples
2026-04-26 02:17:51,864 INFO o.a.j.r.p.AbstractSampleConsumer: class org.apache.jmeter.report.processor.Top5ErrorsBySamplerConsumer#stopProducing(): top5ErrorsBySampler produced 0 samples
2026-04-26 02:17:51,864 INFO o.a.j.r.p.AbstractSampleConsumer: class org.apache.jmeter.report.processor.ErrorsSummaryConsumer#stopProducing(): errorsSummary produced 0 samples
2026-04-26 02:17:51,864 INFO o.a.j.r.p.AbstractSampleConsumer: class org.apache.jmeter.report.processor.graph.impl.HitsPerSecondGraphConsumer#stopProducing(): hitsPerSecond produced 0 samples
2026-04-26 02:17:51,896 INFO o.a.j.r.p.AbstractSampleConsumer: class org.apache.jmeter.report.processor.graph.impl.LatencyVSRequestGraphConsumer#stopProducing(): latencyVsRequest produced 0 samples
2026-04-26 02:17:51,898 INFO o.a.j.r.p.AbstractSampleConsumer: class org.apache.jmeter.report.processor.graph.impl.SyntheticResponseTimeDistributionGraphConsumer#stopProducing(): syntheticResponseTimeDistribution produced 0 samples
2026-04-26 02:17:51,901 INFO o.a.j.r.p.AbstractSampleConsumer: class org.apache.jmeter.report.processor.graph.impl.BytesThroughputGraphConsumer#stopProducing(): bytesThroughputOverTime produced 0 samples
2026-04-26 02:17:51,902 INFO o.a.j.r.p.AbstractSampleConsumer: class org.apache.jmeter.report.processor.graph.impl.CodesPerSecondGraphConsumer#stopProducing(): codesPerSecond produced 0 samples
2026-04-26 02:17:51,921 INFO o.a.j.r.p.AbstractSampleConsumer: class org.apache.jmeter.report.processor.graph.impl.ResponseTimeVSRequestGraphConsumer#stopProducing(): responseTimeVsRequest produced 0 samples
2026-04-26 02:17:51,922 INFO o.a.j.r.p.AbstractSampleConsumer: class org.apache.jmeter.report.processor.FilterConsumer#stopProducing(): startIntervalControlerFilter produced 70 samples
2026-04-26 02:17:51,922 INFO o.a.j.r.p.AbstractSampleConsumer: class org.apache.jmeter.report.processor.graph.impl.TotalTPSGraphConsumer#stopProducing(): totalTPS produced 0 samples
2026-04-26 02:17:51,922 INFO o.a.j.r.p.AbstractSampleConsumer: class org.apache.jmeter.report.processor.graph.impl.ActiveThreadsGraphConsumer#stopProducing(): activeThreadsOverTime produced 0 samples
2026-04-26 02:17:51,922 INFO o.a.j.r.p.AbstractSampleConsumer: class org.apache.jmeter.report.processor.graph.impl.TimeVSThreadGraphConsumer#stopProducing(): timeVsThreads produced 0 samples
2026-04-26 02:17:51,923 INFO o.a.j.r.p.AbstractSampleConsumer: class org.apache.jmeter.report.processor.graph.impl.ResponseTimeDistributionGraphConsumer#stopProducing(): responseTimeDistribution produced 0 samples
2026-04-26 02:17:51,923 INFO o.a.j.r.p.AbstractSampleConsumer: class org.apache.jmeter.report.processor.graph.impl.TransactionsPerSecondGraphConsumer#stopProducing(): transactionsPerSecond produced 0 samples
2026-04-26 02:17:51,924 INFO o.a.j.r.p.AbstractSampleConsumer: class org.apache.jmeter.report.processor.graph.impl.ResponseTimePercentilesGraphConsumer#stopProducing(): responseTimePercentiles produced 0 samples
2026-04-26 02:17:51,925 INFO o.a.j.r.p.AbstractSampleConsumer: class org.apache.jmeter.report.processor.graph.impl.ResponseTimePercentilesOverTimeGraphConsumer#stopProducing(): responseTimePercentilesOverTime produced 0 samples
2026-04-26 02:17:51,925 INFO o.a.j.r.p.AbstractSampleConsumer: class org.apache.jmeter.report.processor.graph.impl.ResponseTimeOverTimeGraphConsumer#stopProducing(): responseTimesOverTime produced 0 samples
2026-04-26 02:17:51,925 INFO o.a.j.r.p.AbstractSampleConsumer: class org.apache.jmeter.report.processor.graph.impl.ConnectTimeOverTimeGraphConsumer#stopProducing(): connectTimeOverTime produced 0 samples
2026-04-26 02:17:51,926 INFO o.a.j.r.p.AbstractSampleConsumer: class org.apache.jmeter.report.processor.graph.impl.LatencyOverTimeGraphConsumer#stopProducing(): latenciesOverTime produced 0 samples
2026-04-26 02:17:51,926 INFO o.a.j.r.p.AbstractSampleConsumer: class org.apache.jmeter.report.processor.FilterConsumer#stopProducing(): nameFilter produced 150 samples
2026-04-26 02:17:51,926 INFO o.a.j.r.p.AbstractSampleConsumer: class org.apache.jmeter.report.processor.FilterConsumer#stopProducing(): dateRangeFilter produced 30 samples
2026-04-26 02:17:51,926 INFO o.a.j.r.p.AbstractSampleConsumer: class org.apache.jmeter.report.processor.NormalizerSampleConsumer#stopProducing(): normalizer produced 10 samples
2026-04-26 02:17:51,927 INFO o.a.j.r.p.CsvFileSampleSource: produce(): 10 samples produced in 240ms on channel 0
2026-04-26 02:17:51,927 INFO o.a.j.r.d.ReportGenerator: Exporting data using exporter:'json' of className:'org.apache.jmeter.report.dashboard.JsonExporter'
2026-04-26 02:17:52,143 INFO o.a.j.r.d.JsonExporter: Found data for consumer statisticsSummary in context
2026-04-26 02:17:52,144 INFO o.a.j.r.d.JsonExporter: Creating statistics for overall
2026-04-26 02:17:52,145 INFO o.a.j.r.d.JsonExporter: Creating statistics for other transactions
2026-04-26 02:17:52,147 INFO o.a.j.r.d.JsonExporter: Checking output folder
2026-04-26 02:17:52,147 INFO o.a.j.r.d.JsonExporter: Writing statistics JSON to D:\intelije\code\modul7\Jmeter\Assets\Unoptimized results\reports\all-student-name-report\statistics.json
2026-04-26 02:17:52,257 INFO o.a.j.r.d.ReportGenerator: Exporting data using exporter:'html' of className:'org.apache.jmeter.report.dashboard.HtmlTemplateExporter'
2026-04-26 02:17:52,261 INFO o.a.j.r.d.HtmlTemplateExporter: Will generate dashboard in folder: D:\intelije\code\modul7\Jmeter\Assets\Unoptimized results\reports\all-student-name-report
2026-04-26 02:17:53,282 INFO o.a.j.r.d.HtmlTemplateExporter: Report will be generated in: D:\intelije\code\modul7\Jmeter\Assets\Unoptimized results\reports\all-student-name-report, creating folder structure
2026-04-26 02:17:53,299 INFO o.a.j.r.d.TemplateVisitor: Copying folder from 'D:\intelije\apache-jmeter-5.6.3\bin\report-template' to 'D:\intelije\code\modul7\Jmeter\Assets\Unoptimized results\reports\all-student-name-report', got message: D:\intelije\code\modul7\Jmeter\Assets\Unoptimized results\reports\all-student-name-report, found non empty folder with following content [D:\intelije\code\modul7\Jmeter\Assets\Unoptimized results\reports\all-student-name-report\statistics.json], will be ignored
2026-04-26 02:17:56,490 INFO o.a.j.JMeter: Dashboard generated
