2026-04-26 02:17:58,881 INFO o.a.j.u.JMeterUtils: Setting Locale to en_EN
2026-04-26 02:17:58,902 INFO o.a.j.JMeter: Loading user properties from: D:\intelije\apache-jmeter-5.6.3\bin\user.properties
2026-04-26 02:17:58,902 INFO o.a.j.JMeter: Loading system properties from: D:\intelije\apache-jmeter-5.6.3\bin\system.properties
2026-04-26 02:17:58,907 INFO o.a.j.JMeter: Copyright (c) 1998-2024 The Apache Software Foundation
2026-04-26 02:17:58,907 INFO o.a.j.JMeter: Version 5.6.3
2026-04-26 02:17:58,907 INFO o.a.j.JMeter: java.version=21.0.10
2026-04-26 02:17:58,907 INFO o.a.j.JMeter: java.vm.name=OpenJDK 64-Bit Server VM
2026-04-26 02:17:58,907 INFO o.a.j.JMeter: os.name=Windows 11
2026-04-26 02:17:58,912 INFO o.a.j.JMeter: os.arch=amd64
2026-04-26 02:17:58,912 INFO o.a.j.JMeter: os.version=10.0
2026-04-26 02:17:58,912 INFO o.a.j.JMeter: file.encoding=UTF-8
2026-04-26 02:17:58,912 INFO o.a.j.JMeter: java.awt.headless=true
2026-04-26 02:17:58,912 INFO o.a.j.JMeter: Max memory     =1073741824
2026-04-26 02:17:58,912 INFO o.a.j.JMeter: Available Processors =20
2026-04-26 02:17:58,918 INFO o.a.j.JMeter: Default Locale=English (EN)
2026-04-26 02:17:58,918 INFO o.a.j.JMeter: JMeter  Locale=English (EN)
2026-04-26 02:17:58,918 INFO o.a.j.JMeter: JMeterHome=D:\intelije\apache-jmeter-5.6.3
2026-04-26 02:17:58,918 INFO o.a.j.JMeter: user.dir  =D:\intelije\code\modul7
2026-04-26 02:17:58,919 INFO o.a.j.JMeter: PWD       =D:\intelije\code\modul7
2026-04-26 02:17:58,922 INFO o.a.j.JMeter: IP: 192.168.1.12 Name: LAPTOP-P8LLN65V FullName: LAPTOP-P8LLN65V
2026-04-26 02:17:58,928 INFO o.a.j.JMeter: Setting property 'jmeter.reportgenerator.outputdir' to:'D:\intelije\code\modul7\Jmeter\Assets\Unoptimized results\reports\highest-gpa-report'
2026-04-26 02:17:58,930 INFO o.a.j.s.FileServer: Default base='D:\intelije\code\modul7'
2026-04-26 02:17:58,931 INFO o.a.j.s.FileServer: Set new base='D:\intelije\code\modul7\Jmeter\Jmeter_Plan'
2026-04-26 02:17:59,080 INFO o.a.j.s.SaveService: Testplan (JMX) version: 2.2. Testlog (JTL) version: 2.2
2026-04-26 02:17:59,098 INFO o.a.j.s.SaveService: Using SaveService properties version 5.0
2026-04-26 02:17:59,100 INFO o.a.j.s.SaveService: Using SaveService properties file encoding UTF-8
2026-04-26 02:17:59,102 INFO o.a.j.s.SaveService: Loading file: D:\intelije\code\modul7\Jmeter\Jmeter_Plan\highest-gpa request.jmx
2026-04-26 02:17:59,142 INFO o.a.j.p.h.s.HTTPSamplerBase: Parser for text/html is org.apache.jmeter.protocol.http.parser.LagartoBasedHtmlParser
2026-04-26 02:17:59,142 INFO o.a.j.p.h.s.HTTPSamplerBase: Parser for application/xhtml+xml is org.apache.jmeter.protocol.http.parser.LagartoBasedHtmlParser
2026-04-26 02:17:59,142 INFO o.a.j.p.h.s.HTTPSamplerBase: Parser for application/xml is org.apache.jmeter.protocol.http.parser.LagartoBasedHtmlParser
2026-04-26 02:17:59,142 INFO o.a.j.p.h.s.HTTPSamplerBase: Parser for text/xml is org.apache.jmeter.protocol.http.parser.LagartoBasedHtmlParser
2026-04-26 02:17:59,142 INFO o.a.j.p.h.s.HTTPSamplerBase: Parser for text/vnd.wap.wml is org.apache.jmeter.protocol.http.parser.RegexpHTMLParser
2026-04-26 02:17:59,142 INFO o.a.j.p.h.s.HTTPSamplerBase: Parser for text/css is org.apache.jmeter.protocol.http.parser.CssParser
2026-04-26 02:17:59,168 INFO o.a.j.JMeter: Creating summariser <summary>
2026-04-26 02:17:59,172 INFO o.a.j.r.d.ReportGenerator: ReportGenerator will use for Parsing the separator: ','
2026-04-26 02:17:59,172 INFO o.a.j.r.d.ReportGenerator: Will generate report at end of test from  results file: D:\intelije\code\modul7\Jmeter\Assets\Unoptimized results\raw\highest-gpa.jtl
2026-04-26 02:17:59,172 INFO o.a.j.r.d.ReportGenerator: Reading report generator properties from: D:\intelije\apache-jmeter-5.6.3\bin\reportgenerator.properties
2026-04-26 02:17:59,173 INFO o.a.j.r.d.ReportGenerator: Merging with JMeter properties
2026-04-26 02:17:59,175 INFO o.a.j.r.c.ReportGeneratorConfiguration: Property 'jmeter.reportgenerator.temp_dir' not found, using default value 'temp' instead.
2026-04-26 02:17:59,176 INFO o.a.j.r.c.ReportGeneratorConfiguration: Property 'jmeter.reportgenerator.apdex_per_transaction' not found, using default value 'null' instead.
2026-04-26 02:17:59,177 INFO o.a.j.r.c.ReportGeneratorConfiguration: apdex_per_transaction is empty, not APDEX per transaction customization
2026-04-26 02:17:59,177 INFO o.a.j.r.c.ReportGeneratorConfiguration: Property 'jmeter.reportgenerator.sample_filter' not found, using default value 'null' instead.
2026-04-26 02:17:59,177 INFO o.a.j.r.c.ReportGeneratorConfiguration: Property 'jmeter.reportgenerator.report_title' not found, using default value 'null' instead.
2026-04-26 02:17:59,177 INFO o.a.j.r.c.ReportGeneratorConfiguration: Property 'jmeter.reportgenerator.start_date' not found, using default value 'null' instead.
2026-04-26 02:17:59,177 INFO o.a.j.r.c.ReportGeneratorConfiguration: Property 'jmeter.reportgenerator.end_date' not found, using default value 'null' instead.
2026-04-26 02:17:59,177 INFO o.a.j.r.c.ReportGeneratorConfiguration: Property 'jmeter.reportgenerator.date_format' not found, using default value 'null' instead.
2026-04-26 02:17:59,177 INFO o.a.j.r.c.ReportGeneratorConfiguration: Will use date range start date: null, end date: null
2026-04-26 02:17:59,179 INFO o.a.j.r.c.ReportGeneratorConfiguration: Property 'jmeter.reportgenerator.graph.totalTPS.exclude_controllers' not found, using default value 'false' instead.
2026-04-26 02:17:59,179 INFO o.a.j.r.c.ReportGeneratorConfiguration: Property 'jmeter.reportgenerator.graph.activeThreadsOverTime.exclude_controllers' not found, using default value 'false' instead.
2026-04-26 02:17:59,179 INFO o.a.j.r.c.ReportGeneratorConfiguration: Property 'jmeter.reportgenerator.graph.timeVsThreads.exclude_controllers' not found, using default value 'false' instead.
2026-04-26 02:17:59,179 INFO o.a.j.r.c.ReportGeneratorConfiguration: Property 'jmeter.reportgenerator.graph.responseTimeDistribution.exclude_controllers' not found, using default value 'false' instead.
2026-04-26 02:17:59,179 INFO o.a.j.r.c.ReportGeneratorConfiguration: Property 'jmeter.reportgenerator.graph.transactionsPerSecond.exclude_controllers' not found, using default value 'false' instead.
2026-04-26 02:17:59,179 INFO o.a.j.r.c.ReportGeneratorConfiguration: Property 'jmeter.reportgenerator.graph.responseTimePercentiles.exclude_controllers' not found, using default value 'false' instead.
2026-04-26 02:17:59,179 INFO o.a.j.r.c.ReportGeneratorConfiguration: Property 'jmeter.reportgenerator.graph.responseTimePercentilesOverTime.exclude_controllers' not found, using default value 'false' instead.
2026-04-26 02:17:59,179 INFO o.a.j.r.c.ReportGeneratorConfiguration: Property 'jmeter.reportgenerator.graph.responseTimesOverTime.exclude_controllers' not found, using default value 'false' instead.
2026-04-26 02:17:59,180 INFO o.a.j.r.c.ReportGeneratorConfiguration: Property 'jmeter.reportgenerator.graph.connectTimeOverTime.exclude_controllers' not found, using default value 'false' instead.
2026-04-26 02:17:59,180 INFO o.a.j.r.c.ReportGeneratorConfiguration: Property 'jmeter.reportgenerator.graph.latenciesOverTime.exclude_controllers' not found, using default value 'false' instead.
2026-04-26 02:17:59,180 INFO o.a.j.r.c.ReportGeneratorConfiguration: Property 'jmeter.reportgenerator.exporter.json.filters_only_sample_series' not found, using default value 'true' instead.
2026-04-26 02:17:59,180 INFO o.a.j.r.c.ReportGeneratorConfiguration: Property 'jmeter.reportgenerator.exporter.json.series_filter' not found, using default value '' instead.
2026-04-26 02:17:59,180 INFO o.a.j.r.c.ReportGeneratorConfiguration: Property 'jmeter.reportgenerator.exporter.json.show_controllers_only' not found, using default value 'false' instead.
2026-04-26 02:17:59,181 INFO o.a.j.r.c.ReportGeneratorConfiguration: Property 'jmeter.reportgenerator.exporter.html.filters_only_sample_series' not found, using default value 'true' instead.
2026-04-26 02:17:59,181 INFO o.a.j.r.c.ReportGeneratorConfiguration: Property 'jmeter.reportgenerator.exporter.html.series_filter' not found, using default value '' instead.
2026-04-26 02:17:59,181 INFO o.a.j.r.c.ReportGeneratorConfiguration: Property 'jmeter.reportgenerator.exporter.html.show_controllers_only' not found, using default value 'false' instead.
2026-04-26 02:17:59,197 INFO o.a.j.e.StandardJMeterEngine: Running the test!
2026-04-26 02:17:59,198 INFO o.a.j.s.SampleEvent: List of sample_variables: []
2026-04-26 02:17:59,198 INFO o.a.j.s.SampleEvent: List of sample_variables: []
2026-04-26 02:17:59,203 INFO o.a.j.e.u.CompoundVariable: Note: Function class names must contain the string: '.functions.'
2026-04-26 02:17:59,203 INFO o.a.j.e.u.CompoundVariable: Note: Function class names must not contain the string: '.gui.'
2026-04-26 02:17:59,272 INFO o.a.j.JMeter: Running test (1777144679271)
2026-04-26 02:17:59,292 INFO o.a.j.e.StandardJMeterEngine: Starting ThreadGroup: 1 : Thread Group
2026-04-26 02:17:59,293 INFO o.a.j.e.StandardJMeterEngine: Starting 10 threads for group Thread Group.
2026-04-26 02:17:59,293 INFO o.a.j.e.StandardJMeterEngine: Thread will continue on error
2026-04-26 02:17:59,293 INFO o.a.j.t.ThreadGroup: Starting thread group... number=1 threads=10 ramp-up=1 delayedStart=false
2026-04-26 02:17:59,303 INFO o.a.j.t.ThreadGroup: Started thread group number 1
2026-04-26 02:17:59,303 INFO o.a.j.e.StandardJMeterEngine: All thread groups have been started
2026-04-26 02:17:59,306 INFO o.a.j.t.JMeterThread: Thread started: Thread Group 1-1
2026-04-26 02:17:59,318 INFO o.a.j.p.h.s.HTTPHCAbstractImpl: Local host = LAPTOP-P8LLN65V
2026-04-26 02:17:59,322 INFO o.a.j.p.h.s.HTTPHC4Impl: HTTP request retry count = 0
2026-04-26 02:17:59,323 INFO o.a.j.s.SampleResult: Note: Sample TimeStamps are START times
2026-04-26 02:17:59,323 INFO o.a.j.s.SampleResult: sampleresult.default.encoding is set to UTF-8
2026-04-26 02:17:59,324 INFO o.a.j.s.SampleResult: sampleresult.useNanoTime=true
2026-04-26 02:17:59,324 INFO o.a.j.s.SampleResult: sampleresult.nanoThreadSleep=5000
2026-04-26 02:17:59,404 INFO o.a.j.t.JMeterThread: Thread started: Thread Group 1-2
2026-04-26 02:17:59,503 INFO o.a.j.t.JMeterThread: Thread started: Thread Group 1-3
2026-04-26 02:17:59,603 INFO o.a.j.t.JMeterThread: Thread started: Thread Group 1-4
2026-04-26 02:17:59,701 INFO o.a.j.t.JMeterThread: Thread started: Thread Group 1-5
2026-04-26 02:17:59,766 INFO o.a.j.t.JMeterThread: Thread is done: Thread Group 1-1
2026-04-26 02:17:59,766 INFO o.a.j.t.JMeterThread: Thread is done: Thread Group 1-2
2026-04-26 02:17:59,766 INFO o.a.j.t.JMeterThread: Thread finished: Thread Group 1-1
2026-04-26 02:17:59,766 INFO o.a.j.t.JMeterThread: Thread finished: Thread Group 1-2
2026-04-26 02:17:59,800 INFO o.a.j.t.JMeterThread: Thread started: Thread Group 1-6
2026-04-26 02:17:59,846 INFO o.a.j.t.JMeterThread: Thread is done: Thread Group 1-3
2026-04-26 02:17:59,847 INFO o.a.j.t.JMeterThread: Thread finished: Thread Group 1-3
2026-04-26 02:17:59,901 INFO o.a.j.t.JMeterThread: Thread started: Thread Group 1-7
2026-04-26 02:17:59,938 INFO o.a.j.t.JMeterThread: Thread is done: Thread Group 1-4
2026-04-26 02:17:59,938 INFO o.a.j.t.JMeterThread: Thread finished: Thread Group 1-4
2026-04-26 02:18:00,000 INFO o.a.j.t.JMeterThread: Thread started: Thread Group 1-8
2026-04-26 02:18:00,035 INFO o.a.j.r.Summariser: summary +      5 in 00:00:01 =    6.6/s Avg:   349 Min:   328 Max:   387 Err:     0 (0.00%) Active: 4 Started: 8 Finished: 4
2026-04-26 02:18:00,035 INFO o.a.j.t.JMeterThread: Thread is done: Thread Group 1-5
2026-04-26 02:18:00,035 INFO o.a.j.t.JMeterThread: Thread finished: Thread Group 1-5
2026-04-26 02:18:00,099 INFO o.a.j.t.JMeterThread: Thread started: Thread Group 1-9
2026-04-26 02:18:00,132 INFO o.a.j.t.JMeterThread: Thread is done: Thread Group 1-6
2026-04-26 02:18:00,132 INFO o.a.j.t.JMeterThread: Thread finished: Thread Group 1-6
2026-04-26 02:18:00,198 INFO o.a.j.t.JMeterThread: Thread started: Thread Group 1-10
2026-04-26 02:18:00,234 INFO o.a.j.t.JMeterThread: Thread is done: Thread Group 1-7
2026-04-26 02:18:00,235 INFO o.a.j.t.JMeterThread: Thread finished: Thread Group 1-7
2026-04-26 02:18:00,325 INFO o.a.j.t.JMeterThread: Thread is done: Thread Group 1-8
2026-04-26 02:18:00,325 INFO o.a.j.t.JMeterThread: Thread finished: Thread Group 1-8
2026-04-26 02:18:00,415 INFO o.a.j.t.JMeterThread: Thread is done: Thread Group 1-9
2026-04-26 02:18:00,415 INFO o.a.j.t.JMeterThread: Thread finished: Thread Group 1-9
2026-04-26 02:18:00,523 INFO o.a.j.t.JMeterThread: Thread is done: Thread Group 1-10
2026-04-26 02:18:00,523 INFO o.a.j.t.JMeterThread: Thread finished: Thread Group 1-10
2026-04-26 02:18:00,523 INFO o.a.j.e.StandardJMeterEngine: Notifying test listeners of end of test
2026-04-26 02:18:00,524 INFO o.a.j.r.Summariser: summary +      5 in 00:00:00 =   10.1/s Avg:   324 Min:   314 Max:   332 Err:     0 (0.00%) Active: 0 Started: 10 Finished: 10
2026-04-26 02:18:00,525 INFO o.a.j.r.Summariser: summary =     10 in 00:00:01 =    8.0/s Avg:   336 Min:   314 Max:   387 Err:     0 (0.00%)
2026-04-26 02:18:00,526 INFO o.a.j.JMeter: Generating Dashboard
2026-04-26 02:18:00,526 INFO o.a.j.r.d.ReportGenerator: Flushing result collector before report Generation
2026-04-26 02:18:00,543 INFO o.a.j.r.p.NormalizerSampleConsumer: Using format, 'ms', to parse timeStamp field
2026-04-26 02:18:00,614 INFO o.a.j.r.p.AbstractSampleConsumer: class org.apache.jmeter.report.processor.AggregateConsumer#stopProducing(): beginDate produced 0 samples
2026-04-26 02:18:00,614 INFO o.a.j.r.p.AbstractSampleConsumer: class org.apache.jmeter.report.processor.AggregateConsumer#stopProducing(): endDate produced 0 samples
2026-04-26 02:18:00,615 INFO o.a.j.r.p.AbstractSampleConsumer: class org.apache.jmeter.report.processor.ApdexSummaryConsumer#stopProducing(): apdexSummary produced 0 samples
2026-04-26 02:18:00,615 INFO o.a.j.r.p.AbstractSampleConsumer: class org.apache.jmeter.report.processor.RequestsSummaryConsumer#stopProducing(): requestsSummary produced 0 samples
2026-04-26 02:18:00,618 INFO o.a.j.r.p.AbstractSampleConsumer: class org.apache.jmeter.report.processor.StatisticsSummaryConsumer#stopProducing(): statisticsSummary produced 0 samples
2026-04-26 02:18:00,619 INFO o.a.j.r.p.AbstractSampleConsumer: class org.apache.jmeter.report.processor.Top5ErrorsBySamplerConsumer#stopProducing(): top5ErrorsBySampler produced 0 samples
2026-04-26 02:18:00,619 INFO o.a.j.r.p.AbstractSampleConsumer: class org.apache.jmeter.report.processor.ErrorsSummaryConsumer#stopProducing(): errorsSummary produced 0 samples
2026-04-26 02:18:00,619 INFO o.a.j.r.p.AbstractSampleConsumer: class org.apache.jmeter.report.processor.graph.impl.HitsPerSecondGraphConsumer#stopProducing(): hitsPerSecond produced 0 samples
2026-04-26 02:18:00,628 INFO o.a.j.r.p.AbstractSampleConsumer: class org.apache.jmeter.report.processor.graph.impl.LatencyVSRequestGraphConsumer#stopProducing(): latencyVsRequest produced 0 samples
2026-04-26 02:18:00,628 INFO o.a.j.r.p.AbstractSampleConsumer: class org.apache.jmeter.report.processor.graph.impl.SyntheticResponseTimeDistributionGraphConsumer#stopProducing(): syntheticResponseTimeDistribution produced 0 samples
2026-04-26 02:18:00,628 INFO o.a.j.r.p.AbstractSampleConsumer: class org.apache.jmeter.report.processor.graph.impl.BytesThroughputGraphConsumer#stopProducing(): bytesThroughputOverTime produced 0 samples
2026-04-26 02:18:00,628 INFO o.a.j.r.p.AbstractSampleConsumer: class org.apache.jmeter.report.processor.graph.impl.CodesPerSecondGraphConsumer#stopProducing(): codesPerSecond produced 0 samples
2026-04-26 02:18:00,630 INFO o.a.j.r.p.AbstractSampleConsumer: class org.apache.jmeter.report.processor.graph.impl.ResponseTimeVSRequestGraphConsumer#stopProducing(): responseTimeVsRequest produced 0 samples
2026-04-26 02:18:00,630 INFO o.a.j.r.p.AbstractSampleConsumer: class org.apache.jmeter.report.processor.FilterConsumer#stopProducing(): startIntervalControlerFilter produced 70 samples
2026-04-26 02:18:00,630 INFO o.a.j.r.p.AbstractSampleConsumer: class org.apache.jmeter.report.processor.graph.impl.TotalTPSGraphConsumer#stopProducing(): totalTPS produced 0 samples
2026-04-26 02:18:00,630 INFO o.a.j.r.p.AbstractSampleConsumer: class org.apache.jmeter.report.processor.graph.impl.ActiveThreadsGraphConsumer#stopProducing(): activeThreadsOverTime produced 0 samples
2026-04-26 02:18:00,631 INFO o.a.j.r.p.AbstractSampleConsumer: class org.apache.jmeter.report.processor.graph.impl.TimeVSThreadGraphConsumer#stopProducing(): timeVsThreads produced 0 samples
2026-04-26 02:18:00,631 INFO o.a.j.r.p.AbstractSampleConsumer: class org.apache.jmeter.report.processor.graph.impl.ResponseTimeDistributionGraphConsumer#stopProducing(): responseTimeDistribution produced 0 samples
2026-04-26 02:18:00,631 INFO o.a.j.r.p.AbstractSampleConsumer: class org.apache.jmeter.report.processor.graph.impl.TransactionsPerSecondGraphConsumer#stopProducing(): transactionsPerSecond produced 0 samples
2026-04-26 02:18:00,631 INFO o.a.j.r.p.AbstractSampleConsumer: class org.apache.jmeter.report.processor.graph.impl.ResponseTimePercentilesGraphConsumer#stopProducing(): responseTimePercentiles produced 0 samples
2026-04-26 02:18:00,631 INFO o.a.j.r.p.AbstractSampleConsumer: class org.apache.jmeter.report.processor.graph.impl.ResponseTimePercentilesOverTimeGraphConsumer#stopProducing(): responseTimePercentilesOverTime produced 0 samples
2026-04-26 02:18:00,632 INFO o.a.j.r.p.AbstractSampleConsumer: class org.apache.jmeter.report.processor.graph.impl.ResponseTimeOverTimeGraphConsumer#stopProducing(): responseTimesOverTime produced 0 samples
2026-04-26 02:18:00,632 INFO o.a.j.r.p.AbstractSampleConsumer: class org.apache.jmeter.report.processor.graph.impl.ConnectTimeOverTimeGraphConsumer#stopProducing(): connectTimeOverTime produced 0 samples
2026-04-26 02:18:00,632 INFO o.a.j.r.p.AbstractSampleConsumer: class org.apache.jmeter.report.processor.graph.impl.LatencyOverTimeGraphConsumer#stopProducing(): latenciesOverTime produced 0 samples
2026-04-26 02:18:00,632 INFO o.a.j.r.p.AbstractSampleConsumer: class org.apache.jmeter.report.processor.FilterConsumer#stopProducing(): nameFilter produced 150 samples
2026-04-26 02:18:00,632 INFO o.a.j.r.p.AbstractSampleConsumer: class org.apache.jmeter.report.processor.FilterConsumer#stopProducing(): dateRangeFilter produced 30 samples
2026-04-26 02:18:00,632 INFO o.a.j.r.p.AbstractSampleConsumer: class org.apache.jmeter.report.processor.NormalizerSampleConsumer#stopProducing(): normalizer produced 10 samples
2026-04-26 02:18:00,633 INFO o.a.j.r.p.CsvFileSampleSource: produce(): 10 samples produced in 62ms on channel 0
2026-04-26 02:18:00,633 INFO o.a.j.r.d.ReportGenerator: Exporting data using exporter:'json' of className:'org.apache.jmeter.report.dashboard.JsonExporter'
2026-04-26 02:18:00,676 INFO o.a.j.r.d.JsonExporter: Found data for consumer statisticsSummary in context
2026-04-26 02:18:00,676 INFO o.a.j.r.d.JsonExporter: Creating statistics for overall
2026-04-26 02:18:00,676 INFO o.a.j.r.d.JsonExporter: Creating statistics for other transactions
2026-04-26 02:18:00,677 INFO o.a.j.r.d.JsonExporter: Checking output folder
2026-04-26 02:18:00,677 INFO o.a.j.r.d.JsonExporter: Writing statistics JSON to D:\intelije\code\modul7\Jmeter\Assets\Unoptimized results\reports\highest-gpa-report\statistics.json
2026-04-26 02:18:00,714 INFO o.a.j.r.d.ReportGenerator: Exporting data using exporter:'html' of className:'org.apache.jmeter.report.dashboard.HtmlTemplateExporter'
2026-04-26 02:18:00,715 INFO o.a.j.r.d.HtmlTemplateExporter: Will generate dashboard in folder: D:\intelije\code\modul7\Jmeter\Assets\Unoptimized results\reports\highest-gpa-report
2026-04-26 02:18:00,795 INFO o.a.j.r.d.HtmlTemplateExporter: Report will be generated in: D:\intelije\code\modul7\Jmeter\Assets\Unoptimized results\reports\highest-gpa-report, creating folder structure
2026-04-26 02:18:00,797 INFO o.a.j.r.d.TemplateVisitor: Copying folder from 'D:\intelije\apache-jmeter-5.6.3\bin\report-template' to 'D:\intelije\code\modul7\Jmeter\Assets\Unoptimized results\reports\highest-gpa-report', got message: D:\intelije\code\modul7\Jmeter\Assets\Unoptimized results\reports\highest-gpa-report, found non empty folder with following content [D:\intelije\code\modul7\Jmeter\Assets\Unoptimized results\reports\highest-gpa-report\statistics.json], will be ignored
2026-04-26 02:18:01,028 INFO o.a.j.JMeter: Dashboard generated
