2026-04-26 04:20:38,256 INFO o.a.j.u.JMeterUtils: Setting Locale to en_EN
2026-04-26 04:20:38,272 INFO o.a.j.JMeter: Loading user properties from: D:\intelije\apache-jmeter-5.6.3\bin\user.properties
2026-04-26 04:20:38,272 INFO o.a.j.JMeter: Loading system properties from: D:\intelije\apache-jmeter-5.6.3\bin\system.properties
2026-04-26 04:20:38,279 INFO o.a.j.JMeter: Copyright (c) 1998-2024 The Apache Software Foundation
2026-04-26 04:20:38,279 INFO o.a.j.JMeter: Version 5.6.3
2026-04-26 04:20:38,279 INFO o.a.j.JMeter: java.version=21.0.10
2026-04-26 04:20:38,279 INFO o.a.j.JMeter: java.vm.name=OpenJDK 64-Bit Server VM
2026-04-26 04:20:38,279 INFO o.a.j.JMeter: os.name=Windows 11
2026-04-26 04:20:38,279 INFO o.a.j.JMeter: os.arch=amd64
2026-04-26 04:20:38,282 INFO o.a.j.JMeter: os.version=10.0
2026-04-26 04:20:38,282 INFO o.a.j.JMeter: file.encoding=UTF-8
2026-04-26 04:20:38,282 INFO o.a.j.JMeter: java.awt.headless=true
2026-04-26 04:20:38,282 INFO o.a.j.JMeter: Max memory     =1073741824
2026-04-26 04:20:38,282 INFO o.a.j.JMeter: Available Processors =20
2026-04-26 04:20:38,288 INFO o.a.j.JMeter: Default Locale=English (EN)
2026-04-26 04:20:38,289 INFO o.a.j.JMeter: JMeter  Locale=English (EN)
2026-04-26 04:20:38,289 INFO o.a.j.JMeter: JMeterHome=D:\intelije\apache-jmeter-5.6.3
2026-04-26 04:20:38,289 INFO o.a.j.JMeter: user.dir  =D:\intelije\code\modul7
2026-04-26 04:20:38,289 INFO o.a.j.JMeter: PWD       =D:\intelije\code\modul7
2026-04-26 04:20:38,290 INFO o.a.j.JMeter: IP: 192.168.1.12 Name: LAPTOP-P8LLN65V FullName: LAPTOP-P8LLN65V
2026-04-26 04:20:38,297 INFO o.a.j.JMeter: Setting property 'jmeter.reportgenerator.outputdir' to:'D:\intelije\code\modul7\Jmeter\Assets\Optimized results\reports\all-student-report'
2026-04-26 04:20:38,298 INFO o.a.j.s.FileServer: Default base='D:\intelije\code\modul7'
2026-04-26 04:20:38,299 INFO o.a.j.s.FileServer: Set new base='D:\intelije\code\modul7\Jmeter\Jmeter_Plan'
2026-04-26 04:20:38,428 INFO o.a.j.s.SaveService: Testplan (JMX) version: 2.2. Testlog (JTL) version: 2.2
2026-04-26 04:20:38,445 INFO o.a.j.s.SaveService: Using SaveService properties version 5.0
2026-04-26 04:20:38,447 INFO o.a.j.s.SaveService: Using SaveService properties file encoding UTF-8
2026-04-26 04:20:38,449 INFO o.a.j.s.SaveService: Loading file: D:\intelije\code\modul7\Jmeter\Jmeter_Plan\all-student request.jmx
2026-04-26 04:20:38,484 INFO o.a.j.p.h.s.HTTPSamplerBase: Parser for text/html is org.apache.jmeter.protocol.http.parser.LagartoBasedHtmlParser
2026-04-26 04:20:38,485 INFO o.a.j.p.h.s.HTTPSamplerBase: Parser for application/xhtml+xml is org.apache.jmeter.protocol.http.parser.LagartoBasedHtmlParser
2026-04-26 04:20:38,485 INFO o.a.j.p.h.s.HTTPSamplerBase: Parser for application/xml is org.apache.jmeter.protocol.http.parser.LagartoBasedHtmlParser
2026-04-26 04:20:38,485 INFO o.a.j.p.h.s.HTTPSamplerBase: Parser for text/xml is org.apache.jmeter.protocol.http.parser.LagartoBasedHtmlParser
2026-04-26 04:20:38,485 INFO o.a.j.p.h.s.HTTPSamplerBase: Parser for text/vnd.wap.wml is org.apache.jmeter.protocol.http.parser.RegexpHTMLParser
2026-04-26 04:20:38,485 INFO o.a.j.p.h.s.HTTPSamplerBase: Parser for text/css is org.apache.jmeter.protocol.http.parser.CssParser
2026-04-26 04:20:38,504 INFO o.a.j.JMeter: Creating summariser <summary>
2026-04-26 04:20:38,506 INFO o.a.j.r.d.ReportGenerator: ReportGenerator will use for Parsing the separator: ','
2026-04-26 04:20:38,506 INFO o.a.j.r.d.ReportGenerator: Will generate report at end of test from  results file: D:\intelije\code\modul7\Jmeter\Assets\Optimized results\raw\all-student.jtl
2026-04-26 04:20:38,506 INFO o.a.j.r.d.ReportGenerator: Reading report generator properties from: D:\intelije\apache-jmeter-5.6.3\bin\reportgenerator.properties
2026-04-26 04:20:38,506 INFO o.a.j.r.d.ReportGenerator: Merging with JMeter properties
2026-04-26 04:20:38,509 INFO o.a.j.r.c.ReportGeneratorConfiguration: Property 'jmeter.reportgenerator.temp_dir' not found, using default value 'temp' instead.
2026-04-26 04:20:38,510 INFO o.a.j.r.c.ReportGeneratorConfiguration: Property 'jmeter.reportgenerator.apdex_per_transaction' not found, using default value 'null' instead.
2026-04-26 04:20:38,510 INFO o.a.j.r.c.ReportGeneratorConfiguration: apdex_per_transaction is empty, not APDEX per transaction customization
2026-04-26 04:20:38,510 INFO o.a.j.r.c.ReportGeneratorConfiguration: Property 'jmeter.reportgenerator.sample_filter' not found, using default value 'null' instead.
2026-04-26 04:20:38,510 INFO o.a.j.r.c.ReportGeneratorConfiguration: Property 'jmeter.reportgenerator.report_title' not found, using default value 'null' instead.
2026-04-26 04:20:38,510 INFO o.a.j.r.c.ReportGeneratorConfiguration: Property 'jmeter.reportgenerator.start_date' not found, using default value 'null' instead.
2026-04-26 04:20:38,510 INFO o.a.j.r.c.ReportGeneratorConfiguration: Property 'jmeter.reportgenerator.end_date' not found, using default value 'null' instead.
2026-04-26 04:20:38,510 INFO o.a.j.r.c.ReportGeneratorConfiguration: Property 'jmeter.reportgenerator.date_format' not found, using default value 'null' instead.
2026-04-26 04:20:38,511 INFO o.a.j.r.c.ReportGeneratorConfiguration: Will use date range start date: null, end date: null
2026-04-26 04:20:38,513 INFO o.a.j.r.c.ReportGeneratorConfiguration: Property 'jmeter.reportgenerator.graph.totalTPS.exclude_controllers' not found, using default value 'false' instead.
2026-04-26 04:20:38,513 INFO o.a.j.r.c.ReportGeneratorConfiguration: Property 'jmeter.reportgenerator.graph.activeThreadsOverTime.exclude_controllers' not found, using default value 'false' instead.
2026-04-26 04:20:38,513 INFO o.a.j.r.c.ReportGeneratorConfiguration: Property 'jmeter.reportgenerator.graph.timeVsThreads.exclude_controllers' not found, using default value 'false' instead.
2026-04-26 04:20:38,513 INFO o.a.j.r.c.ReportGeneratorConfiguration: Property 'jmeter.reportgenerator.graph.responseTimeDistribution.exclude_controllers' not found, using default value 'false' instead.
2026-04-26 04:20:38,513 INFO o.a.j.r.c.ReportGeneratorConfiguration: Property 'jmeter.reportgenerator.graph.transactionsPerSecond.exclude_controllers' not found, using default value 'false' instead.
2026-04-26 04:20:38,513 INFO o.a.j.r.c.ReportGeneratorConfiguration: Property 'jmeter.reportgenerator.graph.responseTimePercentiles.exclude_controllers' not found, using default value 'false' instead.
2026-04-26 04:20:38,513 INFO o.a.j.r.c.ReportGeneratorConfiguration: Property 'jmeter.reportgenerator.graph.responseTimePercentilesOverTime.exclude_controllers' not found, using default value 'false' instead.
2026-04-26 04:20:38,513 INFO o.a.j.r.c.ReportGeneratorConfiguration: Property 'jmeter.reportgenerator.graph.responseTimesOverTime.exclude_controllers' not found, using default value 'false' instead.
2026-04-26 04:20:38,514 INFO o.a.j.r.c.ReportGeneratorConfiguration: Property 'jmeter.reportgenerator.graph.connectTimeOverTime.exclude_controllers' not found, using default value 'false' instead.
2026-04-26 04:20:38,514 INFO o.a.j.r.c.ReportGeneratorConfiguration: Property 'jmeter.reportgenerator.graph.latenciesOverTime.exclude_controllers' not found, using default value 'false' instead.
2026-04-26 04:20:38,514 INFO o.a.j.r.c.ReportGeneratorConfiguration: Property 'jmeter.reportgenerator.exporter.json.filters_only_sample_series' not found, using default value 'true' instead.
2026-04-26 04:20:38,515 INFO o.a.j.r.c.ReportGeneratorConfiguration: Property 'jmeter.reportgenerator.exporter.json.series_filter' not found, using default value '' instead.
2026-04-26 04:20:38,515 INFO o.a.j.r.c.ReportGeneratorConfiguration: Property 'jmeter.reportgenerator.exporter.json.show_controllers_only' not found, using default value 'false' instead.
2026-04-26 04:20:38,515 INFO o.a.j.r.c.ReportGeneratorConfiguration: Property 'jmeter.reportgenerator.exporter.html.filters_only_sample_series' not found, using default value 'true' instead.
2026-04-26 04:20:38,515 INFO o.a.j.r.c.ReportGeneratorConfiguration: Property 'jmeter.reportgenerator.exporter.html.series_filter' not found, using default value '' instead.
2026-04-26 04:20:38,515 INFO o.a.j.r.c.ReportGeneratorConfiguration: Property 'jmeter.reportgenerator.exporter.html.show_controllers_only' not found, using default value 'false' instead.
2026-04-26 04:20:38,524 INFO o.a.j.e.StandardJMeterEngine: Running the test!
2026-04-26 04:20:38,525 INFO o.a.j.s.SampleEvent: List of sample_variables: []
2026-04-26 04:20:38,525 INFO o.a.j.s.SampleEvent: List of sample_variables: []
2026-04-26 04:20:38,528 INFO o.a.j.e.u.CompoundVariable: Note: Function class names must contain the string: '.functions.'
2026-04-26 04:20:38,528 INFO o.a.j.e.u.CompoundVariable: Note: Function class names must not contain the string: '.gui.'
2026-04-26 04:20:38,581 INFO o.a.j.JMeter: Running test (1777152038581)
2026-04-26 04:20:38,595 INFO o.a.j.e.StandardJMeterEngine: Starting ThreadGroup: 1 : Thread Group
2026-04-26 04:20:38,595 INFO o.a.j.e.StandardJMeterEngine: Starting 10 threads for group Thread Group.
2026-04-26 04:20:38,595 INFO o.a.j.e.StandardJMeterEngine: Thread will continue on error
2026-04-26 04:20:38,596 INFO o.a.j.t.ThreadGroup: Starting thread group... number=1 threads=10 ramp-up=1 delayedStart=false
2026-04-26 04:20:38,602 INFO o.a.j.t.JMeterThread: Thread started: Thread Group 1-1
2026-04-26 04:20:38,602 INFO o.a.j.t.ThreadGroup: Started thread group number 1
2026-04-26 04:20:38,602 INFO o.a.j.e.StandardJMeterEngine: All thread groups have been started
2026-04-26 04:20:38,612 INFO o.a.j.p.h.s.HTTPHCAbstractImpl: Local host = LAPTOP-P8LLN65V
2026-04-26 04:20:38,618 INFO o.a.j.p.h.s.HTTPHC4Impl: HTTP request retry count = 0
2026-04-26 04:20:38,619 INFO o.a.j.s.SampleResult: Note: Sample TimeStamps are START times
2026-04-26 04:20:38,620 INFO o.a.j.s.SampleResult: sampleresult.default.encoding is set to UTF-8
2026-04-26 04:20:38,620 INFO o.a.j.s.SampleResult: sampleresult.useNanoTime=true
2026-04-26 04:20:38,620 INFO o.a.j.s.SampleResult: sampleresult.nanoThreadSleep=5000
2026-04-26 04:20:38,701 INFO o.a.j.t.JMeterThread: Thread started: Thread Group 1-2
2026-04-26 04:20:38,800 INFO o.a.j.t.JMeterThread: Thread started: Thread Group 1-3
2026-04-26 04:20:38,900 INFO o.a.j.t.JMeterThread: Thread started: Thread Group 1-4
2026-04-26 04:20:39,001 INFO o.a.j.t.JMeterThread: Thread started: Thread Group 1-5
2026-04-26 04:20:39,101 INFO o.a.j.t.JMeterThread: Thread started: Thread Group 1-6
2026-04-26 04:20:39,199 INFO o.a.j.t.JMeterThread: Thread started: Thread Group 1-7
2026-04-26 04:20:39,209 INFO o.a.j.t.JMeterThread: Thread is done: Thread Group 1-3
2026-04-26 04:20:39,209 INFO o.a.j.t.JMeterThread: Thread finished: Thread Group 1-3
2026-04-26 04:20:39,212 INFO o.a.j.t.JMeterThread: Thread is done: Thread Group 1-2
2026-04-26 04:20:39,212 INFO o.a.j.t.JMeterThread: Thread finished: Thread Group 1-2
2026-04-26 04:20:39,227 INFO o.a.j.t.JMeterThread: Thread is done: Thread Group 1-1
2026-04-26 04:20:39,227 INFO o.a.j.t.JMeterThread: Thread finished: Thread Group 1-1
2026-04-26 04:20:39,298 INFO o.a.j.t.JMeterThread: Thread started: Thread Group 1-8
2026-04-26 04:20:39,321 INFO o.a.j.t.JMeterThread: Thread is done: Thread Group 1-4
2026-04-26 04:20:39,321 INFO o.a.j.t.JMeterThread: Thread finished: Thread Group 1-4
2026-04-26 04:20:39,355 INFO o.a.j.t.JMeterThread: Thread is done: Thread Group 1-5
2026-04-26 04:20:39,355 INFO o.a.j.t.JMeterThread: Thread finished: Thread Group 1-5
2026-04-26 04:20:39,398 INFO o.a.j.t.JMeterThread: Thread started: Thread Group 1-9
2026-04-26 04:20:39,413 INFO o.a.j.t.JMeterThread: Thread is done: Thread Group 1-6
2026-04-26 04:20:39,413 INFO o.a.j.t.JMeterThread: Thread finished: Thread Group 1-6
2026-04-26 04:20:39,497 INFO o.a.j.t.JMeterThread: Thread started: Thread Group 1-10
2026-04-26 04:20:39,526 INFO o.a.j.t.JMeterThread: Thread is done: Thread Group 1-7
2026-04-26 04:20:39,526 INFO o.a.j.t.JMeterThread: Thread finished: Thread Group 1-7
2026-04-26 04:20:39,588 INFO o.a.j.t.JMeterThread: Thread is done: Thread Group 1-8
2026-04-26 04:20:39,588 INFO o.a.j.t.JMeterThread: Thread finished: Thread Group 1-8
2026-04-26 04:20:39,683 INFO o.a.j.t.JMeterThread: Thread is done: Thread Group 1-9
2026-04-26 04:20:39,683 INFO o.a.j.t.JMeterThread: Thread finished: Thread Group 1-9
2026-04-26 04:20:39,764 INFO o.a.j.t.JMeterThread: Thread is done: Thread Group 1-10
2026-04-26 04:20:39,764 INFO o.a.j.t.JMeterThread: Thread finished: Thread Group 1-10
2026-04-26 04:20:39,764 INFO o.a.j.e.StandardJMeterEngine: Notifying test listeners of end of test
2026-04-26 04:20:39,766 INFO o.a.j.r.Summariser: summary =     10 in 00:00:01 =    8.4/s Avg:   372 Min:   267 Max:   556 Err:     0 (0.00%)
2026-04-26 04:20:39,766 INFO o.a.j.JMeter: Generating Dashboard
2026-04-26 04:20:39,766 INFO o.a.j.r.d.ReportGenerator: Flushing result collector before report Generation
2026-04-26 04:20:39,775 INFO o.a.j.r.p.NormalizerSampleConsumer: Using format, 'ms', to parse timeStamp field
2026-04-26 04:20:39,833 INFO o.a.j.r.p.AbstractSampleConsumer: class org.apache.jmeter.report.processor.AggregateConsumer#stopProducing(): beginDate produced 0 samples
2026-04-26 04:20:39,833 INFO o.a.j.r.p.AbstractSampleConsumer: class org.apache.jmeter.report.processor.AggregateConsumer#stopProducing(): endDate produced 0 samples
2026-04-26 04:20:39,834 INFO o.a.j.r.p.AbstractSampleConsumer: class org.apache.jmeter.report.processor.ApdexSummaryConsumer#stopProducing(): apdexSummary produced 0 samples
2026-04-26 04:20:39,834 INFO o.a.j.r.p.AbstractSampleConsumer: class org.apache.jmeter.report.processor.RequestsSummaryConsumer#stopProducing(): requestsSummary produced 0 samples
2026-04-26 04:20:39,837 INFO o.a.j.r.p.AbstractSampleConsumer: class org.apache.jmeter.report.processor.StatisticsSummaryConsumer#stopProducing(): statisticsSummary produced 0 samples
2026-04-26 04:20:39,838 INFO o.a.j.r.p.AbstractSampleConsumer: class org.apache.jmeter.report.processor.Top5ErrorsBySamplerConsumer#stopProducing(): top5ErrorsBySampler produced 0 samples
2026-04-26 04:20:39,839 INFO o.a.j.r.p.AbstractSampleConsumer: class org.apache.jmeter.report.processor.ErrorsSummaryConsumer#stopProducing(): errorsSummary produced 0 samples
2026-04-26 04:20:39,839 INFO o.a.j.r.p.AbstractSampleConsumer: class org.apache.jmeter.report.processor.graph.impl.HitsPerSecondGraphConsumer#stopProducing(): hitsPerSecond produced 0 samples
2026-04-26 04:20:39,846 INFO o.a.j.r.p.AbstractSampleConsumer: class org.apache.jmeter.report.processor.graph.impl.LatencyVSRequestGraphConsumer#stopProducing(): latencyVsRequest produced 0 samples
2026-04-26 04:20:39,846 INFO o.a.j.r.p.AbstractSampleConsumer: class org.apache.jmeter.report.processor.graph.impl.SyntheticResponseTimeDistributionGraphConsumer#stopProducing(): syntheticResponseTimeDistribution produced 0 samples
2026-04-26 04:20:39,846 INFO o.a.j.r.p.AbstractSampleConsumer: class org.apache.jmeter.report.processor.graph.impl.BytesThroughputGraphConsumer#stopProducing(): bytesThroughputOverTime produced 0 samples
2026-04-26 04:20:39,846 INFO o.a.j.r.p.AbstractSampleConsumer: class org.apache.jmeter.report.processor.graph.impl.CodesPerSecondGraphConsumer#stopProducing(): codesPerSecond produced 0 samples
2026-04-26 04:20:39,849 INFO o.a.j.r.p.AbstractSampleConsumer: class org.apache.jmeter.report.processor.graph.impl.ResponseTimeVSRequestGraphConsumer#stopProducing(): responseTimeVsRequest produced 0 samples
2026-04-26 04:20:39,849 INFO o.a.j.r.p.AbstractSampleConsumer: class org.apache.jmeter.report.processor.FilterConsumer#stopProducing(): startIntervalControlerFilter produced 70 samples
2026-04-26 04:20:39,849 INFO o.a.j.r.p.AbstractSampleConsumer: class org.apache.jmeter.report.processor.graph.impl.TotalTPSGraphConsumer#stopProducing(): totalTPS produced 0 samples
2026-04-26 04:20:39,849 INFO o.a.j.r.p.AbstractSampleConsumer: class org.apache.jmeter.report.processor.graph.impl.ActiveThreadsGraphConsumer#stopProducing(): activeThreadsOverTime produced 0 samples
2026-04-26 04:20:39,849 INFO o.a.j.r.p.AbstractSampleConsumer: class org.apache.jmeter.report.processor.graph.impl.TimeVSThreadGraphConsumer#stopProducing(): timeVsThreads produced 0 samples
2026-04-26 04:20:39,849 INFO o.a.j.r.p.AbstractSampleConsumer: class org.apache.jmeter.report.processor.graph.impl.ResponseTimeDistributionGraphConsumer#stopProducing(): responseTimeDistribution produced 0 samples
2026-04-26 04:20:39,849 INFO o.a.j.r.p.AbstractSampleConsumer: class org.apache.jmeter.report.processor.graph.impl.TransactionsPerSecondGraphConsumer#stopProducing(): transactionsPerSecond produced 0 samples
2026-04-26 04:20:39,849 INFO o.a.j.r.p.AbstractSampleConsumer: class org.apache.jmeter.report.processor.graph.impl.ResponseTimePercentilesGraphConsumer#stopProducing(): responseTimePercentiles produced 0 samples
2026-04-26 04:20:39,849 INFO o.a.j.r.p.AbstractSampleConsumer: class org.apache.jmeter.report.processor.graph.impl.ResponseTimePercentilesOverTimeGraphConsumer#stopProducing(): responseTimePercentilesOverTime produced 0 samples
2026-04-26 04:20:39,850 INFO o.a.j.r.p.AbstractSampleConsumer: class org.apache.jmeter.report.processor.graph.impl.ResponseTimeOverTimeGraphConsumer#stopProducing(): responseTimesOverTime produced 0 samples
2026-04-26 04:20:39,850 INFO o.a.j.r.p.AbstractSampleConsumer: class org.apache.jmeter.report.processor.graph.impl.ConnectTimeOverTimeGraphConsumer#stopProducing(): connectTimeOverTime produced 0 samples
2026-04-26 04:20:39,850 INFO o.a.j.r.p.AbstractSampleConsumer: class org.apache.jmeter.report.processor.graph.impl.LatencyOverTimeGraphConsumer#stopProducing(): latenciesOverTime produced 0 samples
2026-04-26 04:20:39,850 INFO o.a.j.r.p.AbstractSampleConsumer: class org.apache.jmeter.report.processor.FilterConsumer#stopProducing(): nameFilter produced 150 samples
2026-04-26 04:20:39,850 INFO o.a.j.r.p.AbstractSampleConsumer: class org.apache.jmeter.report.processor.FilterConsumer#stopProducing(): dateRangeFilter produced 30 samples
2026-04-26 04:20:39,850 INFO o.a.j.r.p.AbstractSampleConsumer: class org.apache.jmeter.report.processor.NormalizerSampleConsumer#stopProducing(): normalizer produced 10 samples
2026-04-26 04:20:39,850 INFO o.a.j.r.p.CsvFileSampleSource: produce(): 10 samples produced in 57ms on channel 0
2026-04-26 04:20:39,850 INFO o.a.j.r.d.ReportGenerator: Exporting data using exporter:'json' of className:'org.apache.jmeter.report.dashboard.JsonExporter'
2026-04-26 04:20:39,894 INFO o.a.j.r.d.JsonExporter: Found data for consumer statisticsSummary in context
2026-04-26 04:20:39,894 INFO o.a.j.r.d.JsonExporter: Creating statistics for overall
2026-04-26 04:20:39,894 INFO o.a.j.r.d.JsonExporter: Creating statistics for other transactions
2026-04-26 04:20:39,894 INFO o.a.j.r.d.JsonExporter: Checking output folder
2026-04-26 04:20:39,895 INFO o.a.j.r.d.JsonExporter: Writing statistics JSON to D:\intelije\code\modul7\Jmeter\Assets\Optimized results\reports\all-student-report\statistics.json
2026-04-26 04:20:39,930 INFO o.a.j.r.d.ReportGenerator: Exporting data using exporter:'html' of className:'org.apache.jmeter.report.dashboard.HtmlTemplateExporter'
2026-04-26 04:20:39,932 INFO o.a.j.r.d.HtmlTemplateExporter: Will generate dashboard in folder: D:\intelije\code\modul7\Jmeter\Assets\Optimized results\reports\all-student-report
2026-04-26 04:20:39,999 INFO o.a.j.r.d.HtmlTemplateExporter: Report will be generated in: D:\intelije\code\modul7\Jmeter\Assets\Optimized results\reports\all-student-report, creating folder structure
2026-04-26 04:20:40,000 INFO o.a.j.r.d.TemplateVisitor: Copying folder from 'D:\intelije\apache-jmeter-5.6.3\bin\report-template' to 'D:\intelije\code\modul7\Jmeter\Assets\Optimized results\reports\all-student-report', got message: D:\intelije\code\modul7\Jmeter\Assets\Optimized results\reports\all-student-report, found non empty folder with following content [D:\intelije\code\modul7\Jmeter\Assets\Optimized results\reports\all-student-report\statistics.json], will be ignored
2026-04-26 04:20:40,207 INFO o.a.j.JMeter: Dashboard generated
