2026-04-26 04:37:59,882 INFO o.a.j.u.JMeterUtils: Setting Locale to en_EN
2026-04-26 04:37:59,896 INFO o.a.j.JMeter: Loading user properties from: D:\intelije\apache-jmeter-5.6.3\bin\user.properties
2026-04-26 04:37:59,896 INFO o.a.j.JMeter: Loading system properties from: D:\intelije\apache-jmeter-5.6.3\bin\system.properties
2026-04-26 04:37:59,901 INFO o.a.j.JMeter: Copyright (c) 1998-2024 The Apache Software Foundation
2026-04-26 04:37:59,901 INFO o.a.j.JMeter: Version 5.6.3
2026-04-26 04:37:59,901 INFO o.a.j.JMeter: java.version=21.0.10
2026-04-26 04:37:59,901 INFO o.a.j.JMeter: java.vm.name=OpenJDK 64-Bit Server VM
2026-04-26 04:37:59,901 INFO o.a.j.JMeter: os.name=Windows 11
2026-04-26 04:37:59,901 INFO o.a.j.JMeter: os.arch=amd64
2026-04-26 04:37:59,905 INFO o.a.j.JMeter: os.version=10.0
2026-04-26 04:37:59,905 INFO o.a.j.JMeter: file.encoding=UTF-8
2026-04-26 04:37:59,905 INFO o.a.j.JMeter: java.awt.headless=true
2026-04-26 04:37:59,905 INFO o.a.j.JMeter: Max memory     =1073741824
2026-04-26 04:37:59,905 INFO o.a.j.JMeter: Available Processors =20
2026-04-26 04:37:59,911 INFO o.a.j.JMeter: Default Locale=English (EN)
2026-04-26 04:37:59,912 INFO o.a.j.JMeter: JMeter  Locale=English (EN)
2026-04-26 04:37:59,912 INFO o.a.j.JMeter: JMeterHome=D:\intelije\apache-jmeter-5.6.3
2026-04-26 04:37:59,912 INFO o.a.j.JMeter: user.dir  =D:\intelije\code\modul7
2026-04-26 04:37:59,912 INFO o.a.j.JMeter: PWD       =D:\intelije\code\modul7
2026-04-26 04:37:59,915 INFO o.a.j.JMeter: IP: 192.168.1.12 Name: LAPTOP-P8LLN65V FullName: LAPTOP-P8LLN65V
2026-04-26 04:37:59,923 INFO o.a.j.JMeter: Setting property 'jmeter.reportgenerator.outputdir' to:'D:\intelije\code\modul7\Jmeter\Assets\Optimized results\reports\all-student-name-report'
2026-04-26 04:37:59,924 INFO o.a.j.s.FileServer: Default base='D:\intelije\code\modul7'
2026-04-26 04:37:59,925 INFO o.a.j.s.FileServer: Set new base='D:\intelije\code\modul7\Jmeter\Jmeter_Plan'
2026-04-26 04:38:00,083 INFO o.a.j.s.SaveService: Testplan (JMX) version: 2.2. Testlog (JTL) version: 2.2
2026-04-26 04:38:00,102 INFO o.a.j.s.SaveService: Using SaveService properties version 5.0
2026-04-26 04:38:00,104 INFO o.a.j.s.SaveService: Using SaveService properties file encoding UTF-8
2026-04-26 04:38:00,107 INFO o.a.j.s.SaveService: Loading file: D:\intelije\code\modul7\Jmeter\Jmeter_Plan\all-student-name request.jmx
2026-04-26 04:38:00,142 INFO o.a.j.p.h.s.HTTPSamplerBase: Parser for text/html is org.apache.jmeter.protocol.http.parser.LagartoBasedHtmlParser
2026-04-26 04:38:00,142 INFO o.a.j.p.h.s.HTTPSamplerBase: Parser for application/xhtml+xml is org.apache.jmeter.protocol.http.parser.LagartoBasedHtmlParser
2026-04-26 04:38:00,142 INFO o.a.j.p.h.s.HTTPSamplerBase: Parser for application/xml is org.apache.jmeter.protocol.http.parser.LagartoBasedHtmlParser
2026-04-26 04:38:00,142 INFO o.a.j.p.h.s.HTTPSamplerBase: Parser for text/xml is org.apache.jmeter.protocol.http.parser.LagartoBasedHtmlParser
2026-04-26 04:38:00,143 INFO o.a.j.p.h.s.HTTPSamplerBase: Parser for text/vnd.wap.wml is org.apache.jmeter.protocol.http.parser.RegexpHTMLParser
2026-04-26 04:38:00,143 INFO o.a.j.p.h.s.HTTPSamplerBase: Parser for text/css is org.apache.jmeter.protocol.http.parser.CssParser
2026-04-26 04:38:00,165 INFO o.a.j.JMeter: Creating summariser <summary>
2026-04-26 04:38:00,168 INFO o.a.j.r.d.ReportGenerator: ReportGenerator will use for Parsing the separator: ','
2026-04-26 04:38:00,168 INFO o.a.j.r.d.ReportGenerator: Will generate report at end of test from  results file: D:\intelije\code\modul7\Jmeter\Assets\Optimized results\raw\all-student-name.jtl
2026-04-26 04:38:00,168 INFO o.a.j.r.d.ReportGenerator: Reading report generator properties from: D:\intelije\apache-jmeter-5.6.3\bin\reportgenerator.properties
2026-04-26 04:38:00,169 INFO o.a.j.r.d.ReportGenerator: Merging with JMeter properties
2026-04-26 04:38:00,171 INFO o.a.j.r.c.ReportGeneratorConfiguration: Property 'jmeter.reportgenerator.temp_dir' not found, using default value 'temp' instead.
2026-04-26 04:38:00,173 INFO o.a.j.r.c.ReportGeneratorConfiguration: Property 'jmeter.reportgenerator.apdex_per_transaction' not found, using default value 'null' instead.
2026-04-26 04:38:00,173 INFO o.a.j.r.c.ReportGeneratorConfiguration: apdex_per_transaction is empty, not APDEX per transaction customization
2026-04-26 04:38:00,173 INFO o.a.j.r.c.ReportGeneratorConfiguration: Property 'jmeter.reportgenerator.sample_filter' not found, using default value 'null' instead.
2026-04-26 04:38:00,173 INFO o.a.j.r.c.ReportGeneratorConfiguration: Property 'jmeter.reportgenerator.report_title' not found, using default value 'null' instead.
2026-04-26 04:38:00,173 INFO o.a.j.r.c.ReportGeneratorConfiguration: Property 'jmeter.reportgenerator.start_date' not found, using default value 'null' instead.
2026-04-26 04:38:00,173 INFO o.a.j.r.c.ReportGeneratorConfiguration: Property 'jmeter.reportgenerator.end_date' not found, using default value 'null' instead.
2026-04-26 04:38:00,173 INFO o.a.j.r.c.ReportGeneratorConfiguration: Property 'jmeter.reportgenerator.date_format' not found, using default value 'null' instead.
2026-04-26 04:38:00,174 INFO o.a.j.r.c.ReportGeneratorConfiguration: Will use date range start date: null, end date: null
2026-04-26 04:38:00,176 INFO o.a.j.r.c.ReportGeneratorConfiguration: Property 'jmeter.reportgenerator.graph.totalTPS.exclude_controllers' not found, using default value 'false' instead.
2026-04-26 04:38:00,177 INFO o.a.j.r.c.ReportGeneratorConfiguration: Property 'jmeter.reportgenerator.graph.activeThreadsOverTime.exclude_controllers' not found, using default value 'false' instead.
2026-04-26 04:38:00,177 INFO o.a.j.r.c.ReportGeneratorConfiguration: Property 'jmeter.reportgenerator.graph.timeVsThreads.exclude_controllers' not found, using default value 'false' instead.
2026-04-26 04:38:00,177 INFO o.a.j.r.c.ReportGeneratorConfiguration: Property 'jmeter.reportgenerator.graph.responseTimeDistribution.exclude_controllers' not found, using default value 'false' instead.
2026-04-26 04:38:00,177 INFO o.a.j.r.c.ReportGeneratorConfiguration: Property 'jmeter.reportgenerator.graph.transactionsPerSecond.exclude_controllers' not found, using default value 'false' instead.
2026-04-26 04:38:00,177 INFO o.a.j.r.c.ReportGeneratorConfiguration: Property 'jmeter.reportgenerator.graph.responseTimePercentiles.exclude_controllers' not found, using default value 'false' instead.
2026-04-26 04:38:00,177 INFO o.a.j.r.c.ReportGeneratorConfiguration: Property 'jmeter.reportgenerator.graph.responseTimePercentilesOverTime.exclude_controllers' not found, using default value 'false' instead.
2026-04-26 04:38:00,177 INFO o.a.j.r.c.ReportGeneratorConfiguration: Property 'jmeter.reportgenerator.graph.responseTimesOverTime.exclude_controllers' not found, using default value 'false' instead.
2026-04-26 04:38:00,178 INFO o.a.j.r.c.ReportGeneratorConfiguration: Property 'jmeter.reportgenerator.graph.connectTimeOverTime.exclude_controllers' not found, using default value 'false' instead.
2026-04-26 04:38:00,178 INFO o.a.j.r.c.ReportGeneratorConfiguration: Property 'jmeter.reportgenerator.graph.latenciesOverTime.exclude_controllers' not found, using default value 'false' instead.
2026-04-26 04:38:00,178 INFO o.a.j.r.c.ReportGeneratorConfiguration: Property 'jmeter.reportgenerator.exporter.json.filters_only_sample_series' not found, using default value 'true' instead.
2026-04-26 04:38:00,178 INFO o.a.j.r.c.ReportGeneratorConfiguration: Property 'jmeter.reportgenerator.exporter.json.series_filter' not found, using default value '' instead.
2026-04-26 04:38:00,178 INFO o.a.j.r.c.ReportGeneratorConfiguration: Property 'jmeter.reportgenerator.exporter.json.show_controllers_only' not found, using default value 'false' instead.
2026-04-26 04:38:00,179 INFO o.a.j.r.c.ReportGeneratorConfiguration: Property 'jmeter.reportgenerator.exporter.html.filters_only_sample_series' not found, using default value 'true' instead.
2026-04-26 04:38:00,179 INFO o.a.j.r.c.ReportGeneratorConfiguration: Property 'jmeter.reportgenerator.exporter.html.series_filter' not found, using default value '' instead.
2026-04-26 04:38:00,179 INFO o.a.j.r.c.ReportGeneratorConfiguration: Property 'jmeter.reportgenerator.exporter.html.show_controllers_only' not found, using default value 'false' instead.
2026-04-26 04:38:00,187 INFO o.a.j.e.StandardJMeterEngine: Running the test!
2026-04-26 04:38:00,188 INFO o.a.j.s.SampleEvent: List of sample_variables: []
2026-04-26 04:38:00,188 INFO o.a.j.s.SampleEvent: List of sample_variables: []
2026-04-26 04:38:00,193 INFO o.a.j.e.u.CompoundVariable: Note: Function class names must contain the string: '.functions.'
2026-04-26 04:38:00,194 INFO o.a.j.e.u.CompoundVariable: Note: Function class names must not contain the string: '.gui.'
2026-04-26 04:38:00,250 INFO o.a.j.JMeter: Running test (1777153080250)
2026-04-26 04:38:00,264 INFO o.a.j.e.StandardJMeterEngine: Starting ThreadGroup: 1 : Thread Group
2026-04-26 04:38:00,265 INFO o.a.j.e.StandardJMeterEngine: Starting 10 threads for group Thread Group.
2026-04-26 04:38:00,265 INFO o.a.j.e.StandardJMeterEngine: Thread will continue on error
2026-04-26 04:38:00,265 INFO o.a.j.t.ThreadGroup: Starting thread group... number=1 threads=10 ramp-up=1 delayedStart=false
2026-04-26 04:38:00,272 INFO o.a.j.t.ThreadGroup: Started thread group number 1
2026-04-26 04:38:00,272 INFO o.a.j.e.StandardJMeterEngine: All thread groups have been started
2026-04-26 04:38:00,274 INFO o.a.j.t.JMeterThread: Thread started: Thread Group 1-1
2026-04-26 04:38:00,284 INFO o.a.j.p.h.s.HTTPHCAbstractImpl: Local host = LAPTOP-P8LLN65V
2026-04-26 04:38:00,288 INFO o.a.j.p.h.s.HTTPHC4Impl: HTTP request retry count = 0
2026-04-26 04:38:00,289 INFO o.a.j.s.SampleResult: Note: Sample TimeStamps are START times
2026-04-26 04:38:00,290 INFO o.a.j.s.SampleResult: sampleresult.default.encoding is set to UTF-8
2026-04-26 04:38:00,290 INFO o.a.j.s.SampleResult: sampleresult.useNanoTime=true
2026-04-26 04:38:00,290 INFO o.a.j.s.SampleResult: sampleresult.nanoThreadSleep=5000
2026-04-26 04:38:00,372 INFO o.a.j.t.JMeterThread: Thread started: Thread Group 1-2
2026-04-26 04:38:00,473 INFO o.a.j.t.JMeterThread: Thread started: Thread Group 1-3
2026-04-26 04:38:00,480 INFO o.a.j.t.JMeterThread: Thread is done: Thread Group 1-1
2026-04-26 04:38:00,480 INFO o.a.j.t.JMeterThread: Thread finished: Thread Group 1-1
2026-04-26 04:38:00,482 INFO o.a.j.r.Summariser: summary +      1 in 00:00:00 =    4.3/s Avg:   105 Min:   105 Max:   105 Err:     0 (0.00%) Active: 3 Started: 3 Finished: 0
2026-04-26 04:38:00,482 INFO o.a.j.t.JMeterThread: Thread is done: Thread Group 1-2
2026-04-26 04:38:00,482 INFO o.a.j.t.JMeterThread: Thread finished: Thread Group 1-2
2026-04-26 04:38:00,542 INFO o.a.j.t.JMeterThread: Thread is done: Thread Group 1-3
2026-04-26 04:38:00,542 INFO o.a.j.t.JMeterThread: Thread finished: Thread Group 1-3
2026-04-26 04:38:00,571 INFO o.a.j.t.JMeterThread: Thread started: Thread Group 1-4
2026-04-26 04:38:00,664 INFO o.a.j.t.JMeterThread: Thread is done: Thread Group 1-4
2026-04-26 04:38:00,664 INFO o.a.j.t.JMeterThread: Thread finished: Thread Group 1-4
2026-04-26 04:38:00,673 INFO o.a.j.t.JMeterThread: Thread started: Thread Group 1-5
2026-04-26 04:38:00,745 INFO o.a.j.t.JMeterThread: Thread is done: Thread Group 1-5
2026-04-26 04:38:00,745 INFO o.a.j.t.JMeterThread: Thread finished: Thread Group 1-5
2026-04-26 04:38:00,771 INFO o.a.j.t.JMeterThread: Thread started: Thread Group 1-6
2026-04-26 04:38:00,846 INFO o.a.j.t.JMeterThread: Thread is done: Thread Group 1-6
2026-04-26 04:38:00,846 INFO o.a.j.t.JMeterThread: Thread finished: Thread Group 1-6
2026-04-26 04:38:00,870 INFO o.a.j.t.JMeterThread: Thread started: Thread Group 1-7
2026-04-26 04:38:00,962 INFO o.a.j.t.JMeterThread: Thread is done: Thread Group 1-7
2026-04-26 04:38:00,962 INFO o.a.j.t.JMeterThread: Thread finished: Thread Group 1-7
2026-04-26 04:38:00,969 INFO o.a.j.t.JMeterThread: Thread started: Thread Group 1-8
2026-04-26 04:38:01,048 INFO o.a.j.t.JMeterThread: Thread is done: Thread Group 1-8
2026-04-26 04:38:01,048 INFO o.a.j.t.JMeterThread: Thread finished: Thread Group 1-8
2026-04-26 04:38:01,069 INFO o.a.j.t.JMeterThread: Thread started: Thread Group 1-9
2026-04-26 04:38:01,138 INFO o.a.j.t.JMeterThread: Thread is done: Thread Group 1-9
2026-04-26 04:38:01,138 INFO o.a.j.t.JMeterThread: Thread finished: Thread Group 1-9
2026-04-26 04:38:01,169 INFO o.a.j.t.JMeterThread: Thread started: Thread Group 1-10
2026-04-26 04:38:01,229 INFO o.a.j.t.JMeterThread: Thread is done: Thread Group 1-10
2026-04-26 04:38:01,229 INFO o.a.j.t.JMeterThread: Thread finished: Thread Group 1-10
2026-04-26 04:38:01,229 INFO o.a.j.e.StandardJMeterEngine: Notifying test listeners of end of test
2026-04-26 04:38:01,231 INFO o.a.j.r.Summariser: summary +      9 in 00:00:01 =   12.0/s Avg:    80 Min:    59 Max:   124 Err:     0 (0.00%) Active: 0 Started: 10 Finished: 10
2026-04-26 04:38:01,232 INFO o.a.j.r.Summariser: summary =     10 in 00:00:01 =   10.2/s Avg:    82 Min:    59 Max:   124 Err:     0 (0.00%)
2026-04-26 04:38:01,232 INFO o.a.j.JMeter: Generating Dashboard
2026-04-26 04:38:01,232 INFO o.a.j.r.d.ReportGenerator: Flushing result collector before report Generation
2026-04-26 04:38:01,240 INFO o.a.j.r.p.NormalizerSampleConsumer: Using format, 'ms', to parse timeStamp field
2026-04-26 04:38:01,292 INFO o.a.j.r.p.AbstractSampleConsumer: class org.apache.jmeter.report.processor.AggregateConsumer#stopProducing(): beginDate produced 0 samples
2026-04-26 04:38:01,293 INFO o.a.j.r.p.AbstractSampleConsumer: class org.apache.jmeter.report.processor.AggregateConsumer#stopProducing(): endDate produced 0 samples
2026-04-26 04:38:01,294 INFO o.a.j.r.p.AbstractSampleConsumer: class org.apache.jmeter.report.processor.ApdexSummaryConsumer#stopProducing(): apdexSummary produced 0 samples
2026-04-26 04:38:01,294 INFO o.a.j.r.p.AbstractSampleConsumer: class org.apache.jmeter.report.processor.RequestsSummaryConsumer#stopProducing(): requestsSummary produced 0 samples
2026-04-26 04:38:01,297 INFO o.a.j.r.p.AbstractSampleConsumer: class org.apache.jmeter.report.processor.StatisticsSummaryConsumer#stopProducing(): statisticsSummary produced 0 samples
2026-04-26 04:38:01,299 INFO o.a.j.r.p.AbstractSampleConsumer: class org.apache.jmeter.report.processor.Top5ErrorsBySamplerConsumer#stopProducing(): top5ErrorsBySampler produced 0 samples
2026-04-26 04:38:01,299 INFO o.a.j.r.p.AbstractSampleConsumer: class org.apache.jmeter.report.processor.ErrorsSummaryConsumer#stopProducing(): errorsSummary produced 0 samples
2026-04-26 04:38:01,299 INFO o.a.j.r.p.AbstractSampleConsumer: class org.apache.jmeter.report.processor.graph.impl.HitsPerSecondGraphConsumer#stopProducing(): hitsPerSecond produced 0 samples
2026-04-26 04:38:01,306 INFO o.a.j.r.p.AbstractSampleConsumer: class org.apache.jmeter.report.processor.graph.impl.LatencyVSRequestGraphConsumer#stopProducing(): latencyVsRequest produced 0 samples
2026-04-26 04:38:01,307 INFO o.a.j.r.p.AbstractSampleConsumer: class org.apache.jmeter.report.processor.graph.impl.SyntheticResponseTimeDistributionGraphConsumer#stopProducing(): syntheticResponseTimeDistribution produced 0 samples
2026-04-26 04:38:01,307 INFO o.a.j.r.p.AbstractSampleConsumer: class org.apache.jmeter.report.processor.graph.impl.BytesThroughputGraphConsumer#stopProducing(): bytesThroughputOverTime produced 0 samples
2026-04-26 04:38:01,307 INFO o.a.j.r.p.AbstractSampleConsumer: class org.apache.jmeter.report.processor.graph.impl.CodesPerSecondGraphConsumer#stopProducing(): codesPerSecond produced 0 samples
2026-04-26 04:38:01,309 INFO o.a.j.r.p.AbstractSampleConsumer: class org.apache.jmeter.report.processor.graph.impl.ResponseTimeVSRequestGraphConsumer#stopProducing(): responseTimeVsRequest produced 0 samples
2026-04-26 04:38:01,309 INFO o.a.j.r.p.AbstractSampleConsumer: class org.apache.jmeter.report.processor.FilterConsumer#stopProducing(): startIntervalControlerFilter produced 70 samples
2026-04-26 04:38:01,309 INFO o.a.j.r.p.AbstractSampleConsumer: class org.apache.jmeter.report.processor.graph.impl.TotalTPSGraphConsumer#stopProducing(): totalTPS produced 0 samples
2026-04-26 04:38:01,309 INFO o.a.j.r.p.AbstractSampleConsumer: class org.apache.jmeter.report.processor.graph.impl.ActiveThreadsGraphConsumer#stopProducing(): activeThreadsOverTime produced 0 samples
2026-04-26 04:38:01,309 INFO o.a.j.r.p.AbstractSampleConsumer: class org.apache.jmeter.report.processor.graph.impl.TimeVSThreadGraphConsumer#stopProducing(): timeVsThreads produced 0 samples
2026-04-26 04:38:01,310 INFO o.a.j.r.p.AbstractSampleConsumer: class org.apache.jmeter.report.processor.graph.impl.ResponseTimeDistributionGraphConsumer#stopProducing(): responseTimeDistribution produced 0 samples
2026-04-26 04:38:01,310 INFO o.a.j.r.p.AbstractSampleConsumer: class org.apache.jmeter.report.processor.graph.impl.TransactionsPerSecondGraphConsumer#stopProducing(): transactionsPerSecond produced 0 samples
2026-04-26 04:38:01,310 INFO o.a.j.r.p.AbstractSampleConsumer: class org.apache.jmeter.report.processor.graph.impl.ResponseTimePercentilesGraphConsumer#stopProducing(): responseTimePercentiles produced 0 samples
2026-04-26 04:38:01,310 INFO o.a.j.r.p.AbstractSampleConsumer: class org.apache.jmeter.report.processor.graph.impl.ResponseTimePercentilesOverTimeGraphConsumer#stopProducing(): responseTimePercentilesOverTime produced 0 samples
2026-04-26 04:38:01,310 INFO o.a.j.r.p.AbstractSampleConsumer: class org.apache.jmeter.report.processor.graph.impl.ResponseTimeOverTimeGraphConsumer#stopProducing(): responseTimesOverTime produced 0 samples
2026-04-26 04:38:01,310 INFO o.a.j.r.p.AbstractSampleConsumer: class org.apache.jmeter.report.processor.graph.impl.ConnectTimeOverTimeGraphConsumer#stopProducing(): connectTimeOverTime produced 0 samples
2026-04-26 04:38:01,310 INFO o.a.j.r.p.AbstractSampleConsumer: class org.apache.jmeter.report.processor.graph.impl.LatencyOverTimeGraphConsumer#stopProducing(): latenciesOverTime produced 0 samples
2026-04-26 04:38:01,310 INFO o.a.j.r.p.AbstractSampleConsumer: class org.apache.jmeter.report.processor.FilterConsumer#stopProducing(): nameFilter produced 150 samples
2026-04-26 04:38:01,310 INFO o.a.j.r.p.AbstractSampleConsumer: class org.apache.jmeter.report.processor.FilterConsumer#stopProducing(): dateRangeFilter produced 30 samples
2026-04-26 04:38:01,310 INFO o.a.j.r.p.AbstractSampleConsumer: class org.apache.jmeter.report.processor.NormalizerSampleConsumer#stopProducing(): normalizer produced 10 samples
2026-04-26 04:38:01,311 INFO o.a.j.r.p.CsvFileSampleSource: produce(): 10 samples produced in 53ms on channel 0
2026-04-26 04:38:01,311 INFO o.a.j.r.d.ReportGenerator: Exporting data using exporter:'json' of className:'org.apache.jmeter.report.dashboard.JsonExporter'
2026-04-26 04:38:01,356 INFO o.a.j.r.d.JsonExporter: Found data for consumer statisticsSummary in context
2026-04-26 04:38:01,356 INFO o.a.j.r.d.JsonExporter: Creating statistics for overall
2026-04-26 04:38:01,357 INFO o.a.j.r.d.JsonExporter: Creating statistics for other transactions
2026-04-26 04:38:01,357 INFO o.a.j.r.d.JsonExporter: Checking output folder
2026-04-26 04:38:01,358 INFO o.a.j.r.d.JsonExporter: Writing statistics JSON to D:\intelije\code\modul7\Jmeter\Assets\Optimized results\reports\all-student-name-report\statistics.json
2026-04-26 04:38:01,392 INFO o.a.j.r.d.ReportGenerator: Exporting data using exporter:'html' of className:'org.apache.jmeter.report.dashboard.HtmlTemplateExporter'
2026-04-26 04:38:01,394 INFO o.a.j.r.d.HtmlTemplateExporter: Will generate dashboard in folder: D:\intelije\code\modul7\Jmeter\Assets\Optimized results\reports\all-student-name-report
2026-04-26 04:38:01,475 INFO o.a.j.r.d.HtmlTemplateExporter: Report will be generated in: D:\intelije\code\modul7\Jmeter\Assets\Optimized results\reports\all-student-name-report, creating folder structure
2026-04-26 04:38:01,477 INFO o.a.j.r.d.TemplateVisitor: Copying folder from 'D:\intelije\apache-jmeter-5.6.3\bin\report-template' to 'D:\intelije\code\modul7\Jmeter\Assets\Optimized results\reports\all-student-name-report', got message: D:\intelije\code\modul7\Jmeter\Assets\Optimized results\reports\all-student-name-report, found non empty folder with following content [D:\intelije\code\modul7\Jmeter\Assets\Optimized results\reports\all-student-name-report\statistics.json], will be ignored
2026-04-26 04:38:01,710 INFO o.a.j.JMeter: Dashboard generated
